10:40:28 INFO  : Registering command handlers for SDK TCF services
10:40:30 INFO  : Launching XSCT server: xsct.bat -interactive C:\Users\Baptiste\Documents\ENSEA\3D\S10_007_Soc\002_TD\vivado_projet_zynq\projet8TD\projet8TD.sdk\temp_xsdb_launch_script.tcl
10:40:34 INFO  : XSCT server has started successfully.
10:40:34 INFO  : Successfully done setting XSCT server connection channel  
10:40:36 INFO  : Successfully done setting SDK workspace  
10:40:36 INFO  : Processing command line option -hwspec C:/Users/Baptiste/Documents/ENSEA/3D/S10_007_Soc/002_TD/vivado_projet_zynq/projet8TD/projet8TD.sdk/zynq_1_wrapper.hdf.
10:46:33 INFO  : Connected to target on host '127.0.0.1' and port '3121'.
10:46:33 INFO  : 'targets -set -filter {jtag_cable_name =~ "Digilent Zybo Z7 210351B0FED1A" && level==0} -index 1' command is executed.
10:46:35 INFO  : FPGA configured successfully with bitstream "C:/Users/Baptiste/Documents/ENSEA/3D/S10_007_Soc/002_TD/vivado_projet_zynq/projet8TD/projet8TD.sdk/zynq_1_wrapper_hw_platform_0/zynq_1_wrapper.bit"
10:46:58 INFO  : 'targets -set -filter {jtag_cable_name =~ "Digilent Zybo Z7 210351B0FED1A" && level==0} -index 1' command is executed.
10:46:58 INFO  : 'fpga -state' command is executed.
10:46:58 INFO  : Connected to target on host '127.0.0.1' and port '3121'.
10:46:58 INFO  : Jtag cable 'Digilent Zybo Z7 210351B0FED1A' is selected.
10:46:58 INFO  : 'jtag frequency' command is executed.
10:46:58 INFO  : Sourcing of 'C:/Users/Baptiste/Documents/ENSEA/3D/S10_007_Soc/002_TD/vivado_projet_zynq/projet8TD/projet8TD.sdk/zynq_1_wrapper_hw_platform_0/ps7_init.tcl' is done.
10:46:58 INFO  : Context for 'APU' is selected.
10:46:58 INFO  : Hardware design information is loaded from 'C:/Users/Baptiste/Documents/ENSEA/3D/S10_007_Soc/002_TD/vivado_projet_zynq/projet8TD/projet8TD.sdk/zynq_1_wrapper_hw_platform_0/system.hdf'.
10:46:58 INFO  : 'configparams force-mem-access 1' command is executed.
10:46:58 INFO  : Context for 'APU' is selected.
10:46:59 INFO  : 'stop' command is executed.
10:46:59 INFO  : 'ps7_init' command is executed.
10:46:59 INFO  : 'ps7_post_config' command is executed.
10:46:59 INFO  : Context for processor 'ps7_cortexa9_0' is selected.
10:46:59 INFO  : Processor reset is completed for 'ps7_cortexa9_0'.
10:46:59 INFO  : Context for processor 'ps7_cortexa9_0' is selected.
10:47:00 INFO  : The application 'C:/Users/Baptiste/Documents/ENSEA/3D/S10_007_Soc/002_TD/vivado_projet_zynq/projet8TD/projet8TD.sdk/getting_started_with_ZYBO/Debug/getting_started_with_ZYBO.elf' is downloaded to processor 'ps7_cortexa9_0'.
10:47:00 INFO  : 'configparams force-mem-access 0' command is executed.
10:47:00 INFO  : ----------------XSDB Script----------------
connect -url tcp:127.0.0.1:3121
source C:/Users/Baptiste/Documents/ENSEA/3D/S10_007_Soc/002_TD/vivado_projet_zynq/projet8TD/projet8TD.sdk/zynq_1_wrapper_hw_platform_0/ps7_init.tcl
targets -set -nocase -filter {name =~"APU*" && jtag_cable_name =~ "Digilent Zybo Z7 210351B0FED1A"} -index 0
loadhw -hw C:/Users/Baptiste/Documents/ENSEA/3D/S10_007_Soc/002_TD/vivado_projet_zynq/projet8TD/projet8TD.sdk/zynq_1_wrapper_hw_platform_0/system.hdf -mem-ranges [list {0x40000000 0xbfffffff}]
configparams force-mem-access 1
targets -set -nocase -filter {name =~"APU*" && jtag_cable_name =~ "Digilent Zybo Z7 210351B0FED1A"} -index 0
stop
ps7_init
ps7_post_config
targets -set -nocase -filter {name =~ "ARM*#0" && jtag_cable_name =~ "Digilent Zybo Z7 210351B0FED1A"} -index 0
rst -processor
targets -set -nocase -filter {name =~ "ARM*#0" && jtag_cable_name =~ "Digilent Zybo Z7 210351B0FED1A"} -index 0
dow C:/Users/Baptiste/Documents/ENSEA/3D/S10_007_Soc/002_TD/vivado_projet_zynq/projet8TD/projet8TD.sdk/getting_started_with_ZYBO/Debug/getting_started_with_ZYBO.elf
configparams force-mem-access 0
----------------End of Script----------------

10:47:00 INFO  : Memory regions updated for context APU
10:47:00 INFO  : Context for processor 'ps7_cortexa9_0' is selected.
10:47:00 INFO  : 'con' command is executed.
10:47:00 INFO  : ----------------XSDB Script (After Launch)----------------
targets -set -nocase -filter {name =~ "ARM*#0" && jtag_cable_name =~ "Digilent Zybo Z7 210351B0FED1A"} -index 0
con
----------------End of Script----------------

10:47:00 INFO  : Launch script is exported to file 'C:\Users\Baptiste\Documents\ENSEA\3D\S10_007_Soc\002_TD\vivado_projet_zynq\projet8TD\projet8TD.sdk\.sdk\launch_scripts\xilinx_c-c++_application_(system_debugger)\system_debugger_using_debug_getting_started_with_zybo.elf_on_local.tcl'
10:48:29 INFO  : Disconnected from the channel tcfchan#1.
10:48:30 INFO  : 'targets -set -filter {jtag_cable_name =~ "Digilent Zybo Z7 210351B0FED1A" && level==0} -index 1' command is executed.
10:48:30 INFO  : 'fpga -state' command is executed.
10:48:30 INFO  : Connected to target on host '127.0.0.1' and port '3121'.
10:48:30 INFO  : Jtag cable 'Digilent Zybo Z7 210351B0FED1A' is selected.
10:48:30 INFO  : 'jtag frequency' command is executed.
10:48:30 INFO  : Sourcing of 'C:/Users/Baptiste/Documents/ENSEA/3D/S10_007_Soc/002_TD/vivado_projet_zynq/projet8TD/projet8TD.sdk/zynq_1_wrapper_hw_platform_0/ps7_init.tcl' is done.
10:48:30 INFO  : Context for 'APU' is selected.
10:48:34 INFO  : Hardware design information is loaded from 'C:/Users/Baptiste/Documents/ENSEA/3D/S10_007_Soc/002_TD/vivado_projet_zynq/projet8TD/projet8TD.sdk/zynq_1_wrapper_hw_platform_0/system.hdf'.
10:48:34 INFO  : 'configparams force-mem-access 1' command is executed.
10:48:34 INFO  : Context for 'APU' is selected.
10:48:34 INFO  : 'stop' command is executed.
10:48:35 INFO  : 'ps7_init' command is executed.
10:48:35 INFO  : 'ps7_post_config' command is executed.
10:48:35 INFO  : Context for processor 'ps7_cortexa9_0' is selected.
10:48:35 INFO  : Processor reset is completed for 'ps7_cortexa9_0'.
10:48:35 INFO  : Context for processor 'ps7_cortexa9_0' is selected.
10:48:35 INFO  : The application 'C:/Users/Baptiste/Documents/ENSEA/3D/S10_007_Soc/002_TD/vivado_projet_zynq/projet8TD/projet8TD.sdk/getting_started_with_ZYBO/Debug/getting_started_with_ZYBO.elf' is downloaded to processor 'ps7_cortexa9_0'.
10:48:35 INFO  : 'configparams force-mem-access 0' command is executed.
10:48:35 INFO  : ----------------XSDB Script----------------
connect -url tcp:127.0.0.1:3121
source C:/Users/Baptiste/Documents/ENSEA/3D/S10_007_Soc/002_TD/vivado_projet_zynq/projet8TD/projet8TD.sdk/zynq_1_wrapper_hw_platform_0/ps7_init.tcl
targets -set -nocase -filter {name =~"APU*" && jtag_cable_name =~ "Digilent Zybo Z7 210351B0FED1A"} -index 0
loadhw -hw C:/Users/Baptiste/Documents/ENSEA/3D/S10_007_Soc/002_TD/vivado_projet_zynq/projet8TD/projet8TD.sdk/zynq_1_wrapper_hw_platform_0/system.hdf -mem-ranges [list {0x40000000 0xbfffffff}]
configparams force-mem-access 1
targets -set -nocase -filter {name =~"APU*" && jtag_cable_name =~ "Digilent Zybo Z7 210351B0FED1A"} -index 0
stop
ps7_init
ps7_post_config
targets -set -nocase -filter {name =~ "ARM*#0" && jtag_cable_name =~ "Digilent Zybo Z7 210351B0FED1A"} -index 0
rst -processor
targets -set -nocase -filter {name =~ "ARM*#0" && jtag_cable_name =~ "Digilent Zybo Z7 210351B0FED1A"} -index 0
dow C:/Users/Baptiste/Documents/ENSEA/3D/S10_007_Soc/002_TD/vivado_projet_zynq/projet8TD/projet8TD.sdk/getting_started_with_ZYBO/Debug/getting_started_with_ZYBO.elf
configparams force-mem-access 0
----------------End of Script----------------

10:48:35 INFO  : Memory regions updated for context APU
10:48:36 INFO  : Context for processor 'ps7_cortexa9_0' is selected.
10:48:36 INFO  : 'con' command is executed.
10:48:36 INFO  : ----------------XSDB Script (After Launch)----------------
targets -set -nocase -filter {name =~ "ARM*#0" && jtag_cable_name =~ "Digilent Zybo Z7 210351B0FED1A"} -index 0
con
----------------End of Script----------------

10:48:36 INFO  : Launch script is exported to file 'C:\Users\Baptiste\Documents\ENSEA\3D\S10_007_Soc\002_TD\vivado_projet_zynq\projet8TD\projet8TD.sdk\.sdk\launch_scripts\xilinx_c-c++_application_(system_debugger)\system_debugger_using_debug_getting_started_with_zybo.elf_on_local.tcl'
10:49:10 INFO  : Disconnected from the channel tcfchan#2.
10:49:11 INFO  : 'targets -set -filter {jtag_cable_name =~ "Digilent Zybo Z7 210351B0FED1A" && level==0} -index 1' command is executed.
10:49:11 INFO  : 'fpga -state' command is executed.
10:49:11 INFO  : Connected to target on host '127.0.0.1' and port '3121'.
10:49:11 INFO  : Jtag cable 'Digilent Zybo Z7 210351B0FED1A' is selected.
10:49:11 INFO  : 'jtag frequency' command is executed.
10:49:11 INFO  : Sourcing of 'C:/Users/Baptiste/Documents/ENSEA/3D/S10_007_Soc/002_TD/vivado_projet_zynq/projet8TD/projet8TD.sdk/zynq_1_wrapper_hw_platform_0/ps7_init.tcl' is done.
10:49:12 INFO  : Context for 'APU' is selected.
10:49:15 INFO  : Hardware design information is loaded from 'C:/Users/Baptiste/Documents/ENSEA/3D/S10_007_Soc/002_TD/vivado_projet_zynq/projet8TD/projet8TD.sdk/zynq_1_wrapper_hw_platform_0/system.hdf'.
10:49:15 INFO  : 'configparams force-mem-access 1' command is executed.
10:49:15 INFO  : Context for 'APU' is selected.
10:49:15 INFO  : 'stop' command is executed.
10:49:16 INFO  : 'ps7_init' command is executed.
10:49:16 INFO  : 'ps7_post_config' command is executed.
10:49:16 INFO  : Context for processor 'ps7_cortexa9_0' is selected.
10:49:16 INFO  : Processor reset is completed for 'ps7_cortexa9_0'.
10:49:16 INFO  : Context for processor 'ps7_cortexa9_0' is selected.
10:49:16 INFO  : The application 'C:/Users/Baptiste/Documents/ENSEA/3D/S10_007_Soc/002_TD/vivado_projet_zynq/projet8TD/projet8TD.sdk/getting_started_with_ZYBO/Debug/getting_started_with_ZYBO.elf' is downloaded to processor 'ps7_cortexa9_0'.
10:49:16 INFO  : 'configparams force-mem-access 0' command is executed.
10:49:16 INFO  : ----------------XSDB Script----------------
connect -url tcp:127.0.0.1:3121
source C:/Users/Baptiste/Documents/ENSEA/3D/S10_007_Soc/002_TD/vivado_projet_zynq/projet8TD/projet8TD.sdk/zynq_1_wrapper_hw_platform_0/ps7_init.tcl
targets -set -nocase -filter {name =~"APU*" && jtag_cable_name =~ "Digilent Zybo Z7 210351B0FED1A"} -index 0
loadhw -hw C:/Users/Baptiste/Documents/ENSEA/3D/S10_007_Soc/002_TD/vivado_projet_zynq/projet8TD/projet8TD.sdk/zynq_1_wrapper_hw_platform_0/system.hdf -mem-ranges [list {0x40000000 0xbfffffff}]
configparams force-mem-access 1
targets -set -nocase -filter {name =~"APU*" && jtag_cable_name =~ "Digilent Zybo Z7 210351B0FED1A"} -index 0
stop
ps7_init
ps7_post_config
targets -set -nocase -filter {name =~ "ARM*#0" && jtag_cable_name =~ "Digilent Zybo Z7 210351B0FED1A"} -index 0
rst -processor
targets -set -nocase -filter {name =~ "ARM*#0" && jtag_cable_name =~ "Digilent Zybo Z7 210351B0FED1A"} -index 0
dow C:/Users/Baptiste/Documents/ENSEA/3D/S10_007_Soc/002_TD/vivado_projet_zynq/projet8TD/projet8TD.sdk/getting_started_with_ZYBO/Debug/getting_started_with_ZYBO.elf
configparams force-mem-access 0
----------------End of Script----------------

10:49:16 INFO  : Memory regions updated for context APU
10:49:17 INFO  : Context for processor 'ps7_cortexa9_0' is selected.
10:49:17 INFO  : 'con' command is executed.
10:49:17 INFO  : ----------------XSDB Script (After Launch)----------------
targets -set -nocase -filter {name =~ "ARM*#0" && jtag_cable_name =~ "Digilent Zybo Z7 210351B0FED1A"} -index 0
con
----------------End of Script----------------

10:49:17 INFO  : Launch script is exported to file 'C:\Users\Baptiste\Documents\ENSEA\3D\S10_007_Soc\002_TD\vivado_projet_zynq\projet8TD\projet8TD.sdk\.sdk\launch_scripts\xilinx_c-c++_application_(system_debugger)\system_debugger_using_debug_getting_started_with_zybo.elf_on_local.tcl'
11:08:12 INFO  : Disconnected from the channel tcfchan#3.
11:11:18 INFO  : Registering command handlers for SDK TCF services
11:11:19 INFO  : Launching XSCT server: xsct.bat -interactive C:\Users\Baptiste\Documents\ENSEA\3D\S10_007_Soc\002_TD\vivado_projet_zynq\projet8TD\projet8TD.sdk\temp_xsdb_launch_script.tcl
11:11:25 INFO  : XSCT server has started successfully.
11:11:25 INFO  : Successfully done setting XSCT server connection channel  
11:11:25 INFO  : Successfully done setting SDK workspace  
11:11:25 INFO  : Processing command line option -hwspec C:/Users/Baptiste/Documents/ENSEA/3D/S10_007_Soc/002_TD/vivado_projet_zynq/projet8TD/projet8TD.sdk/zynq_1_wrapper.hdf.
11:11:25 INFO  : Checking for hwspec changes in the project zynq_1_wrapper_hw_platform_0.
11:27:12 INFO  : SDK has detected change in the last modified timestamps for source hardware specification file Source:1649928376250,  Project:1649925447139
11:27:12 INFO  : Project zynq_1_wrapper_hw_platform_0's source hardware specification located at C:/Users/Baptiste/Documents/ENSEA/3D/S10_007_Soc/002_TD/vivado_projet_zynq/projet8TD/projet8TD.sdk/zynq_1_wrapper.hdf is now different from the local copy.
		 The local copy will be replaced with the source specification and your workspace will be updated.
11:28:32 INFO  : Copied contents of C:/Users/Baptiste/Documents/ENSEA/3D/S10_007_Soc/002_TD/vivado_projet_zynq/projet8TD/projet8TD.sdk/zynq_1_wrapper.hdf into \zynq_1_wrapper_hw_platform_0\system.hdf.
11:28:40 INFO  : Synchronizing projects in the workspace with the hardware platform specification changes.
11:28:44 INFO  : 
11:28:45 INFO  : Updating hardware inferred compiler options for getting_started_with_ZYBO.
11:28:45 INFO  : Clearing existing target manager status.
11:32:52 INFO  : Connected to target on host '127.0.0.1' and port '3121'.
11:32:52 INFO  : 'targets -set -filter {jtag_cable_name =~ "Digilent Zybo Z7 210351B0FED1A" && level==0} -index 1' command is executed.
11:32:53 INFO  : FPGA configured successfully with bitstream "C:/Users/Baptiste/Documents/ENSEA/3D/S10_007_Soc/002_TD/vivado_projet_zynq/projet8TD/projet8TD.sdk/zynq_1_wrapper_hw_platform_0/zynq_1_wrapper.bit"
11:33:01 INFO  : 'targets -set -filter {jtag_cable_name =~ "Digilent Zybo Z7 210351B0FED1A" && level==0} -index 1' command is executed.
11:33:01 INFO  : 'fpga -state' command is executed.
11:33:01 INFO  : Connected to target on host '127.0.0.1' and port '3121'.
11:33:02 INFO  : Jtag cable 'Digilent Zybo Z7 210351B0FED1A' is selected.
11:33:02 INFO  : 'jtag frequency' command is executed.
11:33:02 INFO  : Sourcing of 'C:/Users/Baptiste/Documents/ENSEA/3D/S10_007_Soc/002_TD/vivado_projet_zynq/projet8TD/projet8TD.sdk/zynq_1_wrapper_hw_platform_0/ps7_init.tcl' is done.
11:33:02 INFO  : Context for 'APU' is selected.
11:33:02 INFO  : Hardware design information is loaded from 'C:/Users/Baptiste/Documents/ENSEA/3D/S10_007_Soc/002_TD/vivado_projet_zynq/projet8TD/projet8TD.sdk/zynq_1_wrapper_hw_platform_0/system.hdf'.
11:33:02 INFO  : 'configparams force-mem-access 1' command is executed.
11:33:02 INFO  : Context for 'APU' is selected.
11:33:02 INFO  : 'stop' command is executed.
11:33:03 INFO  : 'ps7_init' command is executed.
11:33:03 INFO  : 'ps7_post_config' command is executed.
11:33:03 INFO  : Context for processor 'ps7_cortexa9_0' is selected.
11:33:03 INFO  : Processor reset is completed for 'ps7_cortexa9_0'.
11:33:03 INFO  : Context for processor 'ps7_cortexa9_0' is selected.
11:33:03 INFO  : The application 'C:/Users/Baptiste/Documents/ENSEA/3D/S10_007_Soc/002_TD/vivado_projet_zynq/projet8TD/projet8TD.sdk/getting_started_with_ZYBO/Debug/getting_started_with_ZYBO.elf' is downloaded to processor 'ps7_cortexa9_0'.
11:33:03 INFO  : 'configparams force-mem-access 0' command is executed.
11:33:03 INFO  : ----------------XSDB Script----------------
connect -url tcp:127.0.0.1:3121
source C:/Users/Baptiste/Documents/ENSEA/3D/S10_007_Soc/002_TD/vivado_projet_zynq/projet8TD/projet8TD.sdk/zynq_1_wrapper_hw_platform_0/ps7_init.tcl
targets -set -nocase -filter {name =~"APU*" && jtag_cable_name =~ "Digilent Zybo Z7 210351B0FED1A"} -index 0
loadhw -hw C:/Users/Baptiste/Documents/ENSEA/3D/S10_007_Soc/002_TD/vivado_projet_zynq/projet8TD/projet8TD.sdk/zynq_1_wrapper_hw_platform_0/system.hdf -mem-ranges [list {0x40000000 0xbfffffff}]
configparams force-mem-access 1
targets -set -nocase -filter {name =~"APU*" && jtag_cable_name =~ "Digilent Zybo Z7 210351B0FED1A"} -index 0
stop
ps7_init
ps7_post_config
targets -set -nocase -filter {name =~ "ARM*#0" && jtag_cable_name =~ "Digilent Zybo Z7 210351B0FED1A"} -index 0
rst -processor
targets -set -nocase -filter {name =~ "ARM*#0" && jtag_cable_name =~ "Digilent Zybo Z7 210351B0FED1A"} -index 0
dow C:/Users/Baptiste/Documents/ENSEA/3D/S10_007_Soc/002_TD/vivado_projet_zynq/projet8TD/projet8TD.sdk/getting_started_with_ZYBO/Debug/getting_started_with_ZYBO.elf
configparams force-mem-access 0
----------------End of Script----------------

11:33:03 INFO  : Memory regions updated for context APU
11:33:04 INFO  : Context for processor 'ps7_cortexa9_0' is selected.
11:33:04 INFO  : 'con' command is executed.
11:33:04 INFO  : ----------------XSDB Script (After Launch)----------------
targets -set -nocase -filter {name =~ "ARM*#0" && jtag_cable_name =~ "Digilent Zybo Z7 210351B0FED1A"} -index 0
con
----------------End of Script----------------

11:33:04 INFO  : Launch script is exported to file 'C:\Users\Baptiste\Documents\ENSEA\3D\S10_007_Soc\002_TD\vivado_projet_zynq\projet8TD\projet8TD.sdk\.sdk\launch_scripts\xilinx_c-c++_application_(system_debugger)\system_debugger_using_debug_getting_started_with_zybo.elf_on_local.tcl'
11:33:08 INFO  : Connected to target on host '127.0.0.1' and port '3121'.
11:33:08 INFO  : 'targets -set -filter {jtag_cable_name =~ "Digilent Zybo Z7 210351B0FED1A" && level==0} -index 1' command is executed.
11:33:09 INFO  : FPGA configured successfully with bitstream "C:/Users/Baptiste/Documents/ENSEA/3D/S10_007_Soc/002_TD/vivado_projet_zynq/projet8TD/projet8TD.sdk/zynq_1_wrapper_hw_platform_0/zynq_1_wrapper.bit"
11:34:46 INFO  : Connected to target on host '127.0.0.1' and port '3121'.
11:34:46 INFO  : 'targets -set -filter {jtag_cable_name =~ "Digilent Zybo Z7 210351B0FED1A" && level==0} -index 1' command is executed.
11:34:47 INFO  : FPGA configured successfully with bitstream "C:/Users/Baptiste/Documents/ENSEA/3D/S10_007_Soc/002_TD/vivado_projet_zynq/projet8TD/projet8TD.sdk/zynq_1_wrapper_hw_platform_0/zynq_1_wrapper.bit"
11:34:54 INFO  : Disconnected from the channel tcfchan#1.
11:35:27 INFO  : Registering command handlers for SDK TCF services
11:35:29 INFO  : Launching XSCT server: xsct.bat -interactive C:\Users\Baptiste\Documents\ENSEA\3D\S10_007_Soc\002_TD\vivado_projet_zynq\projet8TD\projet8TD.sdk\temp_xsdb_launch_script.tcl
11:35:34 INFO  : XSCT server has started successfully.
11:35:34 INFO  : Successfully done setting XSCT server connection channel  
11:35:35 INFO  : Successfully done setting SDK workspace  
11:35:35 INFO  : Processing command line option -hwspec C:/Users/Baptiste/Documents/ENSEA/3D/S10_007_Soc/002_TD/vivado_projet_zynq/projet8TD/projet8TD.sdk/zynq_1_wrapper.hdf.
11:35:35 INFO  : Checking for hwspec changes in the project zynq_1_wrapper_hw_platform_0.
11:35:46 INFO  : Connected to target on host '127.0.0.1' and port '3121'.
11:35:47 INFO  : 'targets -set -filter {jtag_cable_name =~ "Digilent Zybo Z7 210351B0FED1A" && level==0} -index 1' command is executed.
11:35:48 INFO  : FPGA configured successfully with bitstream "C:/Users/Baptiste/Documents/ENSEA/3D/S10_007_Soc/002_TD/vivado_projet_zynq/projet8TD/projet8TD.sdk/zynq_1_wrapper_hw_platform_0/zynq_1_wrapper.bit"
11:37:03 INFO  : 'targets -set -filter {jtag_cable_name =~ "Digilent Zybo Z7 210351B0FED1A" && level==0} -index 1' command is executed.
11:37:03 INFO  : 'fpga -state' command is executed.
11:37:03 INFO  : Connected to target on host '127.0.0.1' and port '3121'.
11:37:03 INFO  : Jtag cable 'Digilent Zybo Z7 210351B0FED1A' is selected.
11:37:03 INFO  : 'jtag frequency' command is executed.
11:37:03 INFO  : Sourcing of 'C:/Users/Baptiste/Documents/ENSEA/3D/S10_007_Soc/002_TD/vivado_projet_zynq/projet8TD/projet8TD.sdk/zynq_1_wrapper_hw_platform_0/ps7_init.tcl' is done.
11:37:03 INFO  : Context for 'APU' is selected.
11:37:03 INFO  : Hardware design information is loaded from 'C:/Users/Baptiste/Documents/ENSEA/3D/S10_007_Soc/002_TD/vivado_projet_zynq/projet8TD/projet8TD.sdk/zynq_1_wrapper_hw_platform_0/system.hdf'.
11:37:03 INFO  : 'configparams force-mem-access 1' command is executed.
11:37:04 INFO  : Context for 'APU' is selected.
11:37:04 INFO  : 'stop' command is executed.
11:37:04 INFO  : 'ps7_init' command is executed.
11:37:04 INFO  : 'ps7_post_config' command is executed.
11:37:04 INFO  : Context for processor 'ps7_cortexa9_0' is selected.
11:37:04 INFO  : Processor reset is completed for 'ps7_cortexa9_0'.
11:37:04 INFO  : Context for processor 'ps7_cortexa9_0' is selected.
11:37:05 INFO  : The application 'C:/Users/Baptiste/Documents/ENSEA/3D/S10_007_Soc/002_TD/vivado_projet_zynq/projet8TD/projet8TD.sdk/getting_started_with_ZYBO/Debug/getting_started_with_ZYBO.elf' is downloaded to processor 'ps7_cortexa9_0'.
11:37:05 INFO  : 'configparams force-mem-access 0' command is executed.
11:37:05 INFO  : ----------------XSDB Script----------------
connect -url tcp:127.0.0.1:3121
source C:/Users/Baptiste/Documents/ENSEA/3D/S10_007_Soc/002_TD/vivado_projet_zynq/projet8TD/projet8TD.sdk/zynq_1_wrapper_hw_platform_0/ps7_init.tcl
targets -set -nocase -filter {name =~"APU*" && jtag_cable_name =~ "Digilent Zybo Z7 210351B0FED1A"} -index 0
loadhw -hw C:/Users/Baptiste/Documents/ENSEA/3D/S10_007_Soc/002_TD/vivado_projet_zynq/projet8TD/projet8TD.sdk/zynq_1_wrapper_hw_platform_0/system.hdf -mem-ranges [list {0x40000000 0xbfffffff}]
configparams force-mem-access 1
targets -set -nocase -filter {name =~"APU*" && jtag_cable_name =~ "Digilent Zybo Z7 210351B0FED1A"} -index 0
stop
ps7_init
ps7_post_config
targets -set -nocase -filter {name =~ "ARM*#0" && jtag_cable_name =~ "Digilent Zybo Z7 210351B0FED1A"} -index 0
rst -processor
targets -set -nocase -filter {name =~ "ARM*#0" && jtag_cable_name =~ "Digilent Zybo Z7 210351B0FED1A"} -index 0
dow C:/Users/Baptiste/Documents/ENSEA/3D/S10_007_Soc/002_TD/vivado_projet_zynq/projet8TD/projet8TD.sdk/getting_started_with_ZYBO/Debug/getting_started_with_ZYBO.elf
configparams force-mem-access 0
----------------End of Script----------------

11:37:05 INFO  : Memory regions updated for context APU
11:37:05 INFO  : Context for processor 'ps7_cortexa9_0' is selected.
11:37:05 INFO  : 'con' command is executed.
11:37:05 INFO  : ----------------XSDB Script (After Launch)----------------
targets -set -nocase -filter {name =~ "ARM*#0" && jtag_cable_name =~ "Digilent Zybo Z7 210351B0FED1A"} -index 0
con
----------------End of Script----------------

11:37:05 INFO  : Launch script is exported to file 'C:\Users\Baptiste\Documents\ENSEA\3D\S10_007_Soc\002_TD\vivado_projet_zynq\projet8TD\projet8TD.sdk\.sdk\launch_scripts\xilinx_c-c++_application_(system_debugger)\system_debugger_using_debug_getting_started_with_zybo.elf_on_local.tcl'
11:38:30 INFO  : Disconnected from the channel tcfchan#1.
11:38:31 INFO  : 'targets -set -filter {jtag_cable_name =~ "Digilent Zybo Z7 210351B0FED1A" && level==0} -index 1' command is executed.
11:38:31 INFO  : 'fpga -state' command is executed.
11:38:31 INFO  : Connected to target on host '127.0.0.1' and port '3121'.
11:38:31 INFO  : Jtag cable 'Digilent Zybo Z7 210351B0FED1A' is selected.
11:38:31 INFO  : 'jtag frequency' command is executed.
11:38:31 INFO  : Sourcing of 'C:/Users/Baptiste/Documents/ENSEA/3D/S10_007_Soc/002_TD/vivado_projet_zynq/projet8TD/projet8TD.sdk/zynq_1_wrapper_hw_platform_0/ps7_init.tcl' is done.
11:38:31 INFO  : Context for 'APU' is selected.
11:38:35 INFO  : Hardware design information is loaded from 'C:/Users/Baptiste/Documents/ENSEA/3D/S10_007_Soc/002_TD/vivado_projet_zynq/projet8TD/projet8TD.sdk/zynq_1_wrapper_hw_platform_0/system.hdf'.
11:38:35 INFO  : 'configparams force-mem-access 1' command is executed.
11:38:35 INFO  : Context for 'APU' is selected.
11:38:35 INFO  : 'stop' command is executed.
11:38:36 INFO  : 'ps7_init' command is executed.
11:38:36 INFO  : 'ps7_post_config' command is executed.
11:38:36 INFO  : Context for processor 'ps7_cortexa9_0' is selected.
11:38:36 INFO  : Processor reset is completed for 'ps7_cortexa9_0'.
11:38:36 INFO  : Context for processor 'ps7_cortexa9_0' is selected.
11:38:36 INFO  : The application 'C:/Users/Baptiste/Documents/ENSEA/3D/S10_007_Soc/002_TD/vivado_projet_zynq/projet8TD/projet8TD.sdk/getting_started_with_ZYBO/Debug/getting_started_with_ZYBO.elf' is downloaded to processor 'ps7_cortexa9_0'.
11:38:36 INFO  : 'configparams force-mem-access 0' command is executed.
11:38:36 INFO  : ----------------XSDB Script----------------
connect -url tcp:127.0.0.1:3121
source C:/Users/Baptiste/Documents/ENSEA/3D/S10_007_Soc/002_TD/vivado_projet_zynq/projet8TD/projet8TD.sdk/zynq_1_wrapper_hw_platform_0/ps7_init.tcl
targets -set -nocase -filter {name =~"APU*" && jtag_cable_name =~ "Digilent Zybo Z7 210351B0FED1A"} -index 0
loadhw -hw C:/Users/Baptiste/Documents/ENSEA/3D/S10_007_Soc/002_TD/vivado_projet_zynq/projet8TD/projet8TD.sdk/zynq_1_wrapper_hw_platform_0/system.hdf -mem-ranges [list {0x40000000 0xbfffffff}]
configparams force-mem-access 1
targets -set -nocase -filter {name =~"APU*" && jtag_cable_name =~ "Digilent Zybo Z7 210351B0FED1A"} -index 0
stop
ps7_init
ps7_post_config
targets -set -nocase -filter {name =~ "ARM*#0" && jtag_cable_name =~ "Digilent Zybo Z7 210351B0FED1A"} -index 0
rst -processor
targets -set -nocase -filter {name =~ "ARM*#0" && jtag_cable_name =~ "Digilent Zybo Z7 210351B0FED1A"} -index 0
dow C:/Users/Baptiste/Documents/ENSEA/3D/S10_007_Soc/002_TD/vivado_projet_zynq/projet8TD/projet8TD.sdk/getting_started_with_ZYBO/Debug/getting_started_with_ZYBO.elf
configparams force-mem-access 0
----------------End of Script----------------

11:38:36 INFO  : Memory regions updated for context APU
11:38:37 INFO  : Context for processor 'ps7_cortexa9_0' is selected.
11:38:37 INFO  : 'con' command is executed.
11:38:37 INFO  : ----------------XSDB Script (After Launch)----------------
targets -set -nocase -filter {name =~ "ARM*#0" && jtag_cable_name =~ "Digilent Zybo Z7 210351B0FED1A"} -index 0
con
----------------End of Script----------------

11:38:37 INFO  : Launch script is exported to file 'C:\Users\Baptiste\Documents\ENSEA\3D\S10_007_Soc\002_TD\vivado_projet_zynq\projet8TD\projet8TD.sdk\.sdk\launch_scripts\xilinx_c-c++_application_(system_debugger)\system_debugger_using_debug_getting_started_with_zybo.elf_on_local.tcl'
11:39:24 INFO  : Disconnected from the channel tcfchan#2.
11:39:25 INFO  : 'targets -set -filter {jtag_cable_name =~ "Digilent Zybo Z7 210351B0FED1A" && level==0} -index 1' command is executed.
11:39:25 INFO  : 'fpga -state' command is executed.
11:39:25 INFO  : Connected to target on host '127.0.0.1' and port '3121'.
11:39:26 INFO  : Jtag cable 'Digilent Zybo Z7 210351B0FED1A' is selected.
11:39:26 INFO  : 'jtag frequency' command is executed.
11:39:26 INFO  : Sourcing of 'C:/Users/Baptiste/Documents/ENSEA/3D/S10_007_Soc/002_TD/vivado_projet_zynq/projet8TD/projet8TD.sdk/zynq_1_wrapper_hw_platform_0/ps7_init.tcl' is done.
11:39:26 INFO  : Context for 'APU' is selected.
11:39:29 INFO  : Hardware design information is loaded from 'C:/Users/Baptiste/Documents/ENSEA/3D/S10_007_Soc/002_TD/vivado_projet_zynq/projet8TD/projet8TD.sdk/zynq_1_wrapper_hw_platform_0/system.hdf'.
11:39:29 INFO  : 'configparams force-mem-access 1' command is executed.
11:39:29 INFO  : Context for 'APU' is selected.
11:39:29 INFO  : 'stop' command is executed.
11:39:30 INFO  : 'ps7_init' command is executed.
11:39:30 INFO  : 'ps7_post_config' command is executed.
11:39:30 INFO  : Context for processor 'ps7_cortexa9_0' is selected.
11:39:30 INFO  : Processor reset is completed for 'ps7_cortexa9_0'.
11:39:30 INFO  : Context for processor 'ps7_cortexa9_0' is selected.
11:39:30 INFO  : The application 'C:/Users/Baptiste/Documents/ENSEA/3D/S10_007_Soc/002_TD/vivado_projet_zynq/projet8TD/projet8TD.sdk/getting_started_with_ZYBO/Debug/getting_started_with_ZYBO.elf' is downloaded to processor 'ps7_cortexa9_0'.
11:39:30 INFO  : 'configparams force-mem-access 0' command is executed.
11:39:30 INFO  : ----------------XSDB Script----------------
connect -url tcp:127.0.0.1:3121
source C:/Users/Baptiste/Documents/ENSEA/3D/S10_007_Soc/002_TD/vivado_projet_zynq/projet8TD/projet8TD.sdk/zynq_1_wrapper_hw_platform_0/ps7_init.tcl
targets -set -nocase -filter {name =~"APU*" && jtag_cable_name =~ "Digilent Zybo Z7 210351B0FED1A"} -index 0
loadhw -hw C:/Users/Baptiste/Documents/ENSEA/3D/S10_007_Soc/002_TD/vivado_projet_zynq/projet8TD/projet8TD.sdk/zynq_1_wrapper_hw_platform_0/system.hdf -mem-ranges [list {0x40000000 0xbfffffff}]
configparams force-mem-access 1
targets -set -nocase -filter {name =~"APU*" && jtag_cable_name =~ "Digilent Zybo Z7 210351B0FED1A"} -index 0
stop
ps7_init
ps7_post_config
targets -set -nocase -filter {name =~ "ARM*#0" && jtag_cable_name =~ "Digilent Zybo Z7 210351B0FED1A"} -index 0
rst -processor
targets -set -nocase -filter {name =~ "ARM*#0" && jtag_cable_name =~ "Digilent Zybo Z7 210351B0FED1A"} -index 0
dow C:/Users/Baptiste/Documents/ENSEA/3D/S10_007_Soc/002_TD/vivado_projet_zynq/projet8TD/projet8TD.sdk/getting_started_with_ZYBO/Debug/getting_started_with_ZYBO.elf
configparams force-mem-access 0
----------------End of Script----------------

11:39:30 INFO  : Memory regions updated for context APU
11:39:31 INFO  : Context for processor 'ps7_cortexa9_0' is selected.
11:39:31 INFO  : 'con' command is executed.
11:39:31 INFO  : ----------------XSDB Script (After Launch)----------------
targets -set -nocase -filter {name =~ "ARM*#0" && jtag_cable_name =~ "Digilent Zybo Z7 210351B0FED1A"} -index 0
con
----------------End of Script----------------

11:39:31 INFO  : Launch script is exported to file 'C:\Users\Baptiste\Documents\ENSEA\3D\S10_007_Soc\002_TD\vivado_projet_zynq\projet8TD\projet8TD.sdk\.sdk\launch_scripts\xilinx_c-c++_application_(system_debugger)\system_debugger_using_debug_getting_started_with_zybo.elf_on_local.tcl'
11:42:15 INFO  : Disconnected from the channel tcfchan#3.
11:42:16 INFO  : 'targets -set -filter {jtag_cable_name =~ "Digilent Zybo Z7 210351B0FED1A" && level==0} -index 1' command is executed.
11:42:16 INFO  : 'fpga -state' command is executed.
11:42:16 INFO  : Connected to target on host '127.0.0.1' and port '3121'.
11:42:16 INFO  : Jtag cable 'Digilent Zybo Z7 210351B0FED1A' is selected.
11:42:16 INFO  : 'jtag frequency' command is executed.
11:42:16 INFO  : Sourcing of 'C:/Users/Baptiste/Documents/ENSEA/3D/S10_007_Soc/002_TD/vivado_projet_zynq/projet8TD/projet8TD.sdk/zynq_1_wrapper_hw_platform_0/ps7_init.tcl' is done.
11:42:17 INFO  : Context for 'APU' is selected.
11:42:21 INFO  : Hardware design information is loaded from 'C:/Users/Baptiste/Documents/ENSEA/3D/S10_007_Soc/002_TD/vivado_projet_zynq/projet8TD/projet8TD.sdk/zynq_1_wrapper_hw_platform_0/system.hdf'.
11:42:21 INFO  : 'configparams force-mem-access 1' command is executed.
11:42:21 INFO  : Context for 'APU' is selected.
11:42:21 INFO  : 'stop' command is executed.
11:42:22 INFO  : 'ps7_init' command is executed.
11:42:22 INFO  : 'ps7_post_config' command is executed.
11:42:22 INFO  : Context for processor 'ps7_cortexa9_0' is selected.
11:42:22 INFO  : Processor reset is completed for 'ps7_cortexa9_0'.
11:42:22 INFO  : Context for processor 'ps7_cortexa9_0' is selected.
11:42:22 INFO  : The application 'C:/Users/Baptiste/Documents/ENSEA/3D/S10_007_Soc/002_TD/vivado_projet_zynq/projet8TD/projet8TD.sdk/getting_started_with_ZYBO/Debug/getting_started_with_ZYBO.elf' is downloaded to processor 'ps7_cortexa9_0'.
11:42:22 INFO  : 'configparams force-mem-access 0' command is executed.
11:42:22 INFO  : ----------------XSDB Script----------------
connect -url tcp:127.0.0.1:3121
source C:/Users/Baptiste/Documents/ENSEA/3D/S10_007_Soc/002_TD/vivado_projet_zynq/projet8TD/projet8TD.sdk/zynq_1_wrapper_hw_platform_0/ps7_init.tcl
targets -set -nocase -filter {name =~"APU*" && jtag_cable_name =~ "Digilent Zybo Z7 210351B0FED1A"} -index 0
loadhw -hw C:/Users/Baptiste/Documents/ENSEA/3D/S10_007_Soc/002_TD/vivado_projet_zynq/projet8TD/projet8TD.sdk/zynq_1_wrapper_hw_platform_0/system.hdf -mem-ranges [list {0x40000000 0xbfffffff}]
configparams force-mem-access 1
targets -set -nocase -filter {name =~"APU*" && jtag_cable_name =~ "Digilent Zybo Z7 210351B0FED1A"} -index 0
stop
ps7_init
ps7_post_config
targets -set -nocase -filter {name =~ "ARM*#0" && jtag_cable_name =~ "Digilent Zybo Z7 210351B0FED1A"} -index 0
rst -processor
targets -set -nocase -filter {name =~ "ARM*#0" && jtag_cable_name =~ "Digilent Zybo Z7 210351B0FED1A"} -index 0
dow C:/Users/Baptiste/Documents/ENSEA/3D/S10_007_Soc/002_TD/vivado_projet_zynq/projet8TD/projet8TD.sdk/getting_started_with_ZYBO/Debug/getting_started_with_ZYBO.elf
configparams force-mem-access 0
----------------End of Script----------------

11:42:22 INFO  : Memory regions updated for context APU
11:42:22 INFO  : Context for processor 'ps7_cortexa9_0' is selected.
11:42:22 INFO  : 'con' command is executed.
11:42:22 INFO  : ----------------XSDB Script (After Launch)----------------
targets -set -nocase -filter {name =~ "ARM*#0" && jtag_cable_name =~ "Digilent Zybo Z7 210351B0FED1A"} -index 0
con
----------------End of Script----------------

11:42:22 INFO  : Launch script is exported to file 'C:\Users\Baptiste\Documents\ENSEA\3D\S10_007_Soc\002_TD\vivado_projet_zynq\projet8TD\projet8TD.sdk\.sdk\launch_scripts\xilinx_c-c++_application_(system_debugger)\system_debugger_using_debug_getting_started_with_zybo.elf_on_local.tcl'
11:43:09 INFO  : Disconnected from the channel tcfchan#4.
11:43:10 INFO  : 'targets -set -filter {jtag_cable_name =~ "Digilent Zybo Z7 210351B0FED1A" && level==0} -index 1' command is executed.
11:43:10 INFO  : 'fpga -state' command is executed.
11:43:10 INFO  : Connected to target on host '127.0.0.1' and port '3121'.
11:43:11 INFO  : Jtag cable 'Digilent Zybo Z7 210351B0FED1A' is selected.
11:43:11 INFO  : 'jtag frequency' command is executed.
11:43:11 INFO  : Sourcing of 'C:/Users/Baptiste/Documents/ENSEA/3D/S10_007_Soc/002_TD/vivado_projet_zynq/projet8TD/projet8TD.sdk/zynq_1_wrapper_hw_platform_0/ps7_init.tcl' is done.
11:43:11 INFO  : Context for 'APU' is selected.
11:43:15 INFO  : Hardware design information is loaded from 'C:/Users/Baptiste/Documents/ENSEA/3D/S10_007_Soc/002_TD/vivado_projet_zynq/projet8TD/projet8TD.sdk/zynq_1_wrapper_hw_platform_0/system.hdf'.
11:43:15 INFO  : 'configparams force-mem-access 1' command is executed.
11:43:15 INFO  : Context for 'APU' is selected.
11:43:15 INFO  : 'stop' command is executed.
11:43:16 INFO  : 'ps7_init' command is executed.
11:43:16 INFO  : 'ps7_post_config' command is executed.
11:43:16 INFO  : Context for processor 'ps7_cortexa9_0' is selected.
11:43:16 INFO  : Processor reset is completed for 'ps7_cortexa9_0'.
11:43:16 INFO  : Context for processor 'ps7_cortexa9_0' is selected.
11:43:16 INFO  : The application 'C:/Users/Baptiste/Documents/ENSEA/3D/S10_007_Soc/002_TD/vivado_projet_zynq/projet8TD/projet8TD.sdk/getting_started_with_ZYBO/Debug/getting_started_with_ZYBO.elf' is downloaded to processor 'ps7_cortexa9_0'.
11:43:16 INFO  : 'configparams force-mem-access 0' command is executed.
11:43:16 INFO  : ----------------XSDB Script----------------
connect -url tcp:127.0.0.1:3121
source C:/Users/Baptiste/Documents/ENSEA/3D/S10_007_Soc/002_TD/vivado_projet_zynq/projet8TD/projet8TD.sdk/zynq_1_wrapper_hw_platform_0/ps7_init.tcl
targets -set -nocase -filter {name =~"APU*" && jtag_cable_name =~ "Digilent Zybo Z7 210351B0FED1A"} -index 0
loadhw -hw C:/Users/Baptiste/Documents/ENSEA/3D/S10_007_Soc/002_TD/vivado_projet_zynq/projet8TD/projet8TD.sdk/zynq_1_wrapper_hw_platform_0/system.hdf -mem-ranges [list {0x40000000 0xbfffffff}]
configparams force-mem-access 1
targets -set -nocase -filter {name =~"APU*" && jtag_cable_name =~ "Digilent Zybo Z7 210351B0FED1A"} -index 0
stop
ps7_init
ps7_post_config
targets -set -nocase -filter {name =~ "ARM*#0" && jtag_cable_name =~ "Digilent Zybo Z7 210351B0FED1A"} -index 0
rst -processor
targets -set -nocase -filter {name =~ "ARM*#0" && jtag_cable_name =~ "Digilent Zybo Z7 210351B0FED1A"} -index 0
dow C:/Users/Baptiste/Documents/ENSEA/3D/S10_007_Soc/002_TD/vivado_projet_zynq/projet8TD/projet8TD.sdk/getting_started_with_ZYBO/Debug/getting_started_with_ZYBO.elf
configparams force-mem-access 0
----------------End of Script----------------

11:43:17 INFO  : Memory regions updated for context APU
11:43:17 INFO  : Context for processor 'ps7_cortexa9_0' is selected.
11:43:17 INFO  : 'con' command is executed.
11:43:17 INFO  : ----------------XSDB Script (After Launch)----------------
targets -set -nocase -filter {name =~ "ARM*#0" && jtag_cable_name =~ "Digilent Zybo Z7 210351B0FED1A"} -index 0
con
----------------End of Script----------------

11:43:17 INFO  : Launch script is exported to file 'C:\Users\Baptiste\Documents\ENSEA\3D\S10_007_Soc\002_TD\vivado_projet_zynq\projet8TD\projet8TD.sdk\.sdk\launch_scripts\xilinx_c-c++_application_(system_debugger)\system_debugger_using_debug_getting_started_with_zybo.elf_on_local.tcl'
11:43:41 INFO  : Disconnected from the channel tcfchan#5.
11:43:43 INFO  : 'targets -set -filter {jtag_cable_name =~ "Digilent Zybo Z7 210351B0FED1A" && level==0} -index 1' command is executed.
11:43:43 INFO  : 'fpga -state' command is executed.
11:43:43 INFO  : Connected to target on host '127.0.0.1' and port '3121'.
11:43:43 INFO  : Jtag cable 'Digilent Zybo Z7 210351B0FED1A' is selected.
11:43:43 INFO  : 'jtag frequency' command is executed.
11:43:43 INFO  : Sourcing of 'C:/Users/Baptiste/Documents/ENSEA/3D/S10_007_Soc/002_TD/vivado_projet_zynq/projet8TD/projet8TD.sdk/zynq_1_wrapper_hw_platform_0/ps7_init.tcl' is done.
11:43:43 INFO  : Context for 'APU' is selected.
11:43:47 INFO  : Hardware design information is loaded from 'C:/Users/Baptiste/Documents/ENSEA/3D/S10_007_Soc/002_TD/vivado_projet_zynq/projet8TD/projet8TD.sdk/zynq_1_wrapper_hw_platform_0/system.hdf'.
11:43:47 INFO  : 'configparams force-mem-access 1' command is executed.
11:43:47 INFO  : Context for 'APU' is selected.
11:43:47 INFO  : 'stop' command is executed.
11:43:48 INFO  : 'ps7_init' command is executed.
11:43:48 INFO  : 'ps7_post_config' command is executed.
11:43:48 INFO  : Context for processor 'ps7_cortexa9_0' is selected.
11:43:48 INFO  : Processor reset is completed for 'ps7_cortexa9_0'.
11:43:48 INFO  : Context for processor 'ps7_cortexa9_0' is selected.
11:43:48 INFO  : The application 'C:/Users/Baptiste/Documents/ENSEA/3D/S10_007_Soc/002_TD/vivado_projet_zynq/projet8TD/projet8TD.sdk/getting_started_with_ZYBO/Debug/getting_started_with_ZYBO.elf' is downloaded to processor 'ps7_cortexa9_0'.
11:43:48 INFO  : 'configparams force-mem-access 0' command is executed.
11:43:48 INFO  : ----------------XSDB Script----------------
connect -url tcp:127.0.0.1:3121
source C:/Users/Baptiste/Documents/ENSEA/3D/S10_007_Soc/002_TD/vivado_projet_zynq/projet8TD/projet8TD.sdk/zynq_1_wrapper_hw_platform_0/ps7_init.tcl
targets -set -nocase -filter {name =~"APU*" && jtag_cable_name =~ "Digilent Zybo Z7 210351B0FED1A"} -index 0
loadhw -hw C:/Users/Baptiste/Documents/ENSEA/3D/S10_007_Soc/002_TD/vivado_projet_zynq/projet8TD/projet8TD.sdk/zynq_1_wrapper_hw_platform_0/system.hdf -mem-ranges [list {0x40000000 0xbfffffff}]
configparams force-mem-access 1
targets -set -nocase -filter {name =~"APU*" && jtag_cable_name =~ "Digilent Zybo Z7 210351B0FED1A"} -index 0
stop
ps7_init
ps7_post_config
targets -set -nocase -filter {name =~ "ARM*#0" && jtag_cable_name =~ "Digilent Zybo Z7 210351B0FED1A"} -index 0
rst -processor
targets -set -nocase -filter {name =~ "ARM*#0" && jtag_cable_name =~ "Digilent Zybo Z7 210351B0FED1A"} -index 0
dow C:/Users/Baptiste/Documents/ENSEA/3D/S10_007_Soc/002_TD/vivado_projet_zynq/projet8TD/projet8TD.sdk/getting_started_with_ZYBO/Debug/getting_started_with_ZYBO.elf
configparams force-mem-access 0
----------------End of Script----------------

11:43:48 INFO  : Memory regions updated for context APU
11:43:49 INFO  : Context for processor 'ps7_cortexa9_0' is selected.
11:43:49 INFO  : 'con' command is executed.
11:43:49 INFO  : ----------------XSDB Script (After Launch)----------------
targets -set -nocase -filter {name =~ "ARM*#0" && jtag_cable_name =~ "Digilent Zybo Z7 210351B0FED1A"} -index 0
con
----------------End of Script----------------

11:43:49 INFO  : Launch script is exported to file 'C:\Users\Baptiste\Documents\ENSEA\3D\S10_007_Soc\002_TD\vivado_projet_zynq\projet8TD\projet8TD.sdk\.sdk\launch_scripts\xilinx_c-c++_application_(system_debugger)\system_debugger_using_debug_getting_started_with_zybo.elf_on_local.tcl'
13:36:54 INFO  : Disconnected from the channel tcfchan#6.
10:51:40 INFO  : Registering command handlers for SDK TCF services
10:51:42 INFO  : Launching XSCT server: xsct.bat -interactive C:\Users\Baptiste\Documents\ENSEA\3D\S10_007_Soc\002_TD\vivado_projet_zynq\projet8TD\projet8TD.sdk\temp_xsdb_launch_script.tcl
10:51:46 INFO  : XSCT server has started successfully.
10:51:47 INFO  : Successfully done setting XSCT server connection channel  
10:51:47 INFO  : Successfully done setting SDK workspace  
10:51:47 INFO  : Processing command line option -hwspec C:/Users/Baptiste/Documents/ENSEA/3D/S10_007_Soc/002_TD/vivado_projet_zynq/projet8TD/projet8TD.sdk/zynq_1_wrapper.hdf.
10:51:47 INFO  : Checking for hwspec changes in the project zynq_1_wrapper_hw_platform_0.
10:51:54 INFO  : SDK has detected change in the last modified timestamps for source hardware specification file Source:1650530785363,  Project:1649928376250
10:51:54 INFO  : The hardware specification for project 'zynq_1_wrapper_hw_platform_0' is different from C:/Users/Baptiste/Documents/ENSEA/3D/S10_007_Soc/002_TD/vivado_projet_zynq/projet8TD/projet8TD.sdk/zynq_1_wrapper.hdf.
10:51:54 INFO  : Copied contents of C:/Users/Baptiste/Documents/ENSEA/3D/S10_007_Soc/002_TD/vivado_projet_zynq/projet8TD/projet8TD.sdk/zynq_1_wrapper.hdf into \zynq_1_wrapper_hw_platform_0\system.hdf.
10:51:59 INFO  : Synchronizing projects in the workspace with the hardware platform specification changes.
10:52:03 INFO  : 
10:52:04 INFO  : Updating hardware inferred compiler options for getting_started_with_ZYBO.
10:52:04 INFO  : Clearing existing target manager status.
11:08:44 INFO  : 'targets -set -filter {jtag_cable_name =~ "Digilent Zybo Z7 210351B0FED1A" && level==0} -index 1' command is executed.
11:08:44 INFO  : 'fpga -state' command is executed.
11:08:45 INFO  : Connected to target on host '127.0.0.1' and port '3121'.
11:08:46 INFO  : Jtag cable 'Digilent Zybo Z7 210351B0FED1A' is selected.
11:08:46 INFO  : 'jtag frequency' command is executed.
11:08:46 INFO  : Sourcing of 'C:/Users/Baptiste/Documents/ENSEA/3D/S10_007_Soc/002_TD/vivado_projet_zynq/projet8TD/projet8TD.sdk/zynq_1_wrapper_hw_platform_0/ps7_init.tcl' is done.
11:08:46 INFO  : Context for 'APU' is selected.
11:08:46 INFO  : Hardware design information is loaded from 'C:/Users/Baptiste/Documents/ENSEA/3D/S10_007_Soc/002_TD/vivado_projet_zynq/projet8TD/projet8TD.sdk/zynq_1_wrapper_hw_platform_0/system.hdf'.
11:08:46 INFO  : 'configparams force-mem-access 1' command is executed.
11:08:46 INFO  : Context for 'APU' is selected.
11:08:46 INFO  : 'stop' command is executed.
11:08:47 INFO  : 'ps7_init' command is executed.
11:08:47 INFO  : 'ps7_post_config' command is executed.
11:08:47 INFO  : Context for processor 'ps7_cortexa9_0' is selected.
11:08:47 INFO  : Processor reset is completed for 'ps7_cortexa9_0'.
11:08:47 INFO  : Context for processor 'ps7_cortexa9_0' is selected.
11:08:47 INFO  : The application 'C:/Users/Baptiste/Documents/ENSEA/3D/S10_007_Soc/002_TD/vivado_projet_zynq/projet8TD/projet8TD.sdk/getting_started_with_ZYBO/Debug/getting_started_with_ZYBO.elf' is downloaded to processor 'ps7_cortexa9_0'.
11:08:47 INFO  : 'configparams force-mem-access 0' command is executed.
11:08:47 INFO  : ----------------XSDB Script----------------
connect -url tcp:127.0.0.1:3121
source C:/Users/Baptiste/Documents/ENSEA/3D/S10_007_Soc/002_TD/vivado_projet_zynq/projet8TD/projet8TD.sdk/zynq_1_wrapper_hw_platform_0/ps7_init.tcl
targets -set -nocase -filter {name =~"APU*" && jtag_cable_name =~ "Digilent Zybo Z7 210351B0FED1A"} -index 0
loadhw -hw C:/Users/Baptiste/Documents/ENSEA/3D/S10_007_Soc/002_TD/vivado_projet_zynq/projet8TD/projet8TD.sdk/zynq_1_wrapper_hw_platform_0/system.hdf -mem-ranges [list {0x40000000 0xbfffffff}]
configparams force-mem-access 1
targets -set -nocase -filter {name =~"APU*" && jtag_cable_name =~ "Digilent Zybo Z7 210351B0FED1A"} -index 0
stop
ps7_init
ps7_post_config
targets -set -nocase -filter {name =~ "ARM*#0" && jtag_cable_name =~ "Digilent Zybo Z7 210351B0FED1A"} -index 0
rst -processor
targets -set -nocase -filter {name =~ "ARM*#0" && jtag_cable_name =~ "Digilent Zybo Z7 210351B0FED1A"} -index 0
dow C:/Users/Baptiste/Documents/ENSEA/3D/S10_007_Soc/002_TD/vivado_projet_zynq/projet8TD/projet8TD.sdk/getting_started_with_ZYBO/Debug/getting_started_with_ZYBO.elf
configparams force-mem-access 0
----------------End of Script----------------

11:08:47 INFO  : Memory regions updated for context APU
11:08:48 INFO  : Context for processor 'ps7_cortexa9_0' is selected.
11:08:48 INFO  : 'con' command is executed.
11:08:48 INFO  : ----------------XSDB Script (After Launch)----------------
targets -set -nocase -filter {name =~ "ARM*#0" && jtag_cable_name =~ "Digilent Zybo Z7 210351B0FED1A"} -index 0
con
----------------End of Script----------------

11:08:48 INFO  : Launch script is exported to file 'C:\Users\Baptiste\Documents\ENSEA\3D\S10_007_Soc\002_TD\vivado_projet_zynq\projet8TD\projet8TD.sdk\.sdk\launch_scripts\xilinx_c-c++_application_(system_debugger)\system_debugger_using_debug_getting_started_with_zybo.elf_on_local.tcl'
11:09:22 INFO  : Connected to target on host '127.0.0.1' and port '3121'.
11:09:22 INFO  : 'targets -set -filter {jtag_cable_name =~ "Digilent Zybo Z7 210351B0FED1A" && level==0} -index 1' command is executed.
11:09:23 INFO  : FPGA configured successfully with bitstream "C:/Users/Baptiste/Documents/ENSEA/3D/S10_007_Soc/002_TD/vivado_projet_zynq/projet8TD/projet8TD.sdk/zynq_1_wrapper_hw_platform_0/zynq_1_wrapper.bit"
11:12:05 INFO  : Connected to target on host '127.0.0.1' and port '3121'.
11:12:05 INFO  : 'targets -set -filter {jtag_cable_name =~ "Digilent Zybo Z7 210351B0FED1A" && level==0} -index 1' command is executed.
11:12:06 INFO  : FPGA configured successfully with bitstream "C:/Users/Baptiste/Documents/ENSEA/3D/S10_007_Soc/002_TD/vivado_projet_zynq/projet8TD/projet8TD.sdk/zynq_1_wrapper_hw_platform_0/zynq_1_wrapper.bit"
11:12:45 INFO  : Disconnected from the channel tcfchan#1.
11:12:46 INFO  : 'targets -set -filter {jtag_cable_name =~ "Digilent Zybo Z7 210351B0FED1A" && level==0} -index 1' command is executed.
11:12:46 INFO  : 'fpga -state' command is executed.
11:12:46 INFO  : Connected to target on host '127.0.0.1' and port '3121'.
11:12:46 INFO  : Jtag cable 'Digilent Zybo Z7 210351B0FED1A' is selected.
11:12:46 INFO  : 'jtag frequency' command is executed.
11:12:46 INFO  : Sourcing of 'C:/Users/Baptiste/Documents/ENSEA/3D/S10_007_Soc/002_TD/vivado_projet_zynq/projet8TD/projet8TD.sdk/zynq_1_wrapper_hw_platform_0/ps7_init.tcl' is done.
11:12:46 INFO  : Context for 'APU' is selected.
11:12:49 INFO  : Hardware design information is loaded from 'C:/Users/Baptiste/Documents/ENSEA/3D/S10_007_Soc/002_TD/vivado_projet_zynq/projet8TD/projet8TD.sdk/zynq_1_wrapper_hw_platform_0/system.hdf'.
11:12:49 INFO  : 'configparams force-mem-access 1' command is executed.
11:12:49 INFO  : Context for 'APU' is selected.
11:12:49 INFO  : 'stop' command is executed.
11:12:49 INFO  : 'ps7_init' command is executed.
11:12:49 INFO  : 'ps7_post_config' command is executed.
11:12:49 INFO  : Context for processor 'ps7_cortexa9_0' is selected.
11:12:49 INFO  : Processor reset is completed for 'ps7_cortexa9_0'.
11:12:49 INFO  : Context for processor 'ps7_cortexa9_0' is selected.
11:12:49 INFO  : The application 'C:/Users/Baptiste/Documents/ENSEA/3D/S10_007_Soc/002_TD/vivado_projet_zynq/projet8TD/projet8TD.sdk/getting_started_with_ZYBO/Debug/getting_started_with_ZYBO.elf' is downloaded to processor 'ps7_cortexa9_0'.
11:12:49 INFO  : 'configparams force-mem-access 0' command is executed.
11:12:49 INFO  : ----------------XSDB Script----------------
connect -url tcp:127.0.0.1:3121
source C:/Users/Baptiste/Documents/ENSEA/3D/S10_007_Soc/002_TD/vivado_projet_zynq/projet8TD/projet8TD.sdk/zynq_1_wrapper_hw_platform_0/ps7_init.tcl
targets -set -nocase -filter {name =~"APU*" && jtag_cable_name =~ "Digilent Zybo Z7 210351B0FED1A"} -index 0
loadhw -hw C:/Users/Baptiste/Documents/ENSEA/3D/S10_007_Soc/002_TD/vivado_projet_zynq/projet8TD/projet8TD.sdk/zynq_1_wrapper_hw_platform_0/system.hdf -mem-ranges [list {0x40000000 0xbfffffff}]
configparams force-mem-access 1
targets -set -nocase -filter {name =~"APU*" && jtag_cable_name =~ "Digilent Zybo Z7 210351B0FED1A"} -index 0
stop
ps7_init
ps7_post_config
targets -set -nocase -filter {name =~ "ARM*#0" && jtag_cable_name =~ "Digilent Zybo Z7 210351B0FED1A"} -index 0
rst -processor
targets -set -nocase -filter {name =~ "ARM*#0" && jtag_cable_name =~ "Digilent Zybo Z7 210351B0FED1A"} -index 0
dow C:/Users/Baptiste/Documents/ENSEA/3D/S10_007_Soc/002_TD/vivado_projet_zynq/projet8TD/projet8TD.sdk/getting_started_with_ZYBO/Debug/getting_started_with_ZYBO.elf
configparams force-mem-access 0
----------------End of Script----------------

11:12:50 INFO  : Memory regions updated for context APU
11:12:50 INFO  : Context for processor 'ps7_cortexa9_0' is selected.
11:12:50 INFO  : 'con' command is executed.
11:12:50 INFO  : ----------------XSDB Script (After Launch)----------------
targets -set -nocase -filter {name =~ "ARM*#0" && jtag_cable_name =~ "Digilent Zybo Z7 210351B0FED1A"} -index 0
con
----------------End of Script----------------

11:12:50 INFO  : Launch script is exported to file 'C:\Users\Baptiste\Documents\ENSEA\3D\S10_007_Soc\002_TD\vivado_projet_zynq\projet8TD\projet8TD.sdk\.sdk\launch_scripts\xilinx_c-c++_application_(system_debugger)\system_debugger_using_debug_getting_started_with_zybo.elf_on_local.tcl'
11:13:31 INFO  : Disconnected from the channel tcfchan#2.
11:13:32 INFO  : 'targets -set -filter {jtag_cable_name =~ "Digilent Zybo Z7 210351B0FED1A" && level==0} -index 1' command is executed.
11:13:32 INFO  : 'fpga -state' command is executed.
11:13:32 INFO  : Connected to target on host '127.0.0.1' and port '3121'.
11:13:33 INFO  : Jtag cable 'Digilent Zybo Z7 210351B0FED1A' is selected.
11:13:33 INFO  : 'jtag frequency' command is executed.
11:13:33 INFO  : Sourcing of 'C:/Users/Baptiste/Documents/ENSEA/3D/S10_007_Soc/002_TD/vivado_projet_zynq/projet8TD/projet8TD.sdk/zynq_1_wrapper_hw_platform_0/ps7_init.tcl' is done.
11:13:33 INFO  : Context for 'APU' is selected.
11:13:33 INFO  : Hardware design information is loaded from 'C:/Users/Baptiste/Documents/ENSEA/3D/S10_007_Soc/002_TD/vivado_projet_zynq/projet8TD/projet8TD.sdk/zynq_1_wrapper_hw_platform_0/system.hdf'.
11:13:33 INFO  : 'configparams force-mem-access 1' command is executed.
11:13:33 INFO  : Context for 'APU' is selected.
11:13:33 INFO  : 'stop' command is executed.
11:13:33 INFO  : 'ps7_init' command is executed.
11:13:33 INFO  : 'ps7_post_config' command is executed.
11:13:33 INFO  : Context for processor 'ps7_cortexa9_0' is selected.
11:13:33 INFO  : Processor reset is completed for 'ps7_cortexa9_0'.
11:13:33 INFO  : Context for processor 'ps7_cortexa9_0' is selected.
11:13:33 INFO  : The application 'C:/Users/Baptiste/Documents/ENSEA/3D/S10_007_Soc/002_TD/vivado_projet_zynq/projet8TD/projet8TD.sdk/getting_started_with_ZYBO/Debug/getting_started_with_ZYBO.elf' is downloaded to processor 'ps7_cortexa9_0'.
11:13:34 INFO  : 'configparams force-mem-access 0' command is executed.
11:13:34 INFO  : ----------------XSDB Script----------------
connect -url tcp:127.0.0.1:3121
source C:/Users/Baptiste/Documents/ENSEA/3D/S10_007_Soc/002_TD/vivado_projet_zynq/projet8TD/projet8TD.sdk/zynq_1_wrapper_hw_platform_0/ps7_init.tcl
targets -set -nocase -filter {name =~"APU*" && jtag_cable_name =~ "Digilent Zybo Z7 210351B0FED1A"} -index 0
loadhw -hw C:/Users/Baptiste/Documents/ENSEA/3D/S10_007_Soc/002_TD/vivado_projet_zynq/projet8TD/projet8TD.sdk/zynq_1_wrapper_hw_platform_0/system.hdf -mem-ranges [list {0x40000000 0xbfffffff}]
configparams force-mem-access 1
targets -set -nocase -filter {name =~"APU*" && jtag_cable_name =~ "Digilent Zybo Z7 210351B0FED1A"} -index 0
stop
ps7_init
ps7_post_config
targets -set -nocase -filter {name =~ "ARM*#0" && jtag_cable_name =~ "Digilent Zybo Z7 210351B0FED1A"} -index 0
rst -processor
targets -set -nocase -filter {name =~ "ARM*#0" && jtag_cable_name =~ "Digilent Zybo Z7 210351B0FED1A"} -index 0
dow C:/Users/Baptiste/Documents/ENSEA/3D/S10_007_Soc/002_TD/vivado_projet_zynq/projet8TD/projet8TD.sdk/getting_started_with_ZYBO/Debug/getting_started_with_ZYBO.elf
configparams force-mem-access 0
----------------End of Script----------------

11:13:34 INFO  : Memory regions updated for context APU
11:13:34 INFO  : Context for processor 'ps7_cortexa9_0' is selected.
11:13:34 INFO  : 'con' command is executed.
11:13:34 INFO  : ----------------XSDB Script (After Launch)----------------
targets -set -nocase -filter {name =~ "ARM*#0" && jtag_cable_name =~ "Digilent Zybo Z7 210351B0FED1A"} -index 0
con
----------------End of Script----------------

11:13:34 INFO  : Launch script is exported to file 'C:\Users\Baptiste\Documents\ENSEA\3D\S10_007_Soc\002_TD\vivado_projet_zynq\projet8TD\projet8TD.sdk\.sdk\launch_scripts\xilinx_c-c++_application_(system_debugger)\system_debugger_using_debug_getting_started_with_zybo.elf_on_local.tcl'
11:22:37 INFO  : Connected to target on host '127.0.0.1' and port '3121'.
11:22:37 INFO  : 'targets -set -filter {jtag_cable_name =~ "Digilent Zybo Z7 210351B0FED1A" && level==0} -index 1' command is executed.
11:22:38 INFO  : FPGA configured successfully with bitstream "C:/Users/Baptiste/Documents/ENSEA/3D/S10_007_Soc/002_TD/vivado_projet_zynq/projet8TD/projet8TD.sdk/zynq_1_wrapper_hw_platform_0/zynq_1_wrapper.bit"
11:23:00 INFO  : Disconnected from the channel tcfchan#3.
11:23:01 INFO  : 'targets -set -filter {jtag_cable_name =~ "Digilent Zybo Z7 210351B0FED1A" && level==0} -index 1' command is executed.
11:23:01 INFO  : 'fpga -state' command is executed.
11:23:01 INFO  : Connected to target on host '127.0.0.1' and port '3121'.
11:23:02 INFO  : Jtag cable 'Digilent Zybo Z7 210351B0FED1A' is selected.
11:23:02 INFO  : 'jtag frequency' command is executed.
11:23:02 INFO  : Sourcing of 'C:/Users/Baptiste/Documents/ENSEA/3D/S10_007_Soc/002_TD/vivado_projet_zynq/projet8TD/projet8TD.sdk/zynq_1_wrapper_hw_platform_0/ps7_init.tcl' is done.
11:23:02 INFO  : Context for 'APU' is selected.
11:23:02 INFO  : Hardware design information is loaded from 'C:/Users/Baptiste/Documents/ENSEA/3D/S10_007_Soc/002_TD/vivado_projet_zynq/projet8TD/projet8TD.sdk/zynq_1_wrapper_hw_platform_0/system.hdf'.
11:23:02 INFO  : 'configparams force-mem-access 1' command is executed.
11:23:02 INFO  : Context for 'APU' is selected.
11:23:02 INFO  : 'stop' command is executed.
11:23:03 INFO  : 'ps7_init' command is executed.
11:23:03 INFO  : 'ps7_post_config' command is executed.
11:23:03 INFO  : Context for processor 'ps7_cortexa9_0' is selected.
11:23:03 INFO  : Processor reset is completed for 'ps7_cortexa9_0'.
11:23:03 INFO  : Context for processor 'ps7_cortexa9_0' is selected.
11:23:03 INFO  : The application 'C:/Users/Baptiste/Documents/ENSEA/3D/S10_007_Soc/002_TD/vivado_projet_zynq/projet8TD/projet8TD.sdk/getting_started_with_ZYBO/Debug/getting_started_with_ZYBO.elf' is downloaded to processor 'ps7_cortexa9_0'.
11:23:03 INFO  : 'configparams force-mem-access 0' command is executed.
11:23:03 INFO  : ----------------XSDB Script----------------
connect -url tcp:127.0.0.1:3121
source C:/Users/Baptiste/Documents/ENSEA/3D/S10_007_Soc/002_TD/vivado_projet_zynq/projet8TD/projet8TD.sdk/zynq_1_wrapper_hw_platform_0/ps7_init.tcl
targets -set -nocase -filter {name =~"APU*" && jtag_cable_name =~ "Digilent Zybo Z7 210351B0FED1A"} -index 0
loadhw -hw C:/Users/Baptiste/Documents/ENSEA/3D/S10_007_Soc/002_TD/vivado_projet_zynq/projet8TD/projet8TD.sdk/zynq_1_wrapper_hw_platform_0/system.hdf -mem-ranges [list {0x40000000 0xbfffffff}]
configparams force-mem-access 1
targets -set -nocase -filter {name =~"APU*" && jtag_cable_name =~ "Digilent Zybo Z7 210351B0FED1A"} -index 0
stop
ps7_init
ps7_post_config
targets -set -nocase -filter {name =~ "ARM*#0" && jtag_cable_name =~ "Digilent Zybo Z7 210351B0FED1A"} -index 0
rst -processor
targets -set -nocase -filter {name =~ "ARM*#0" && jtag_cable_name =~ "Digilent Zybo Z7 210351B0FED1A"} -index 0
dow C:/Users/Baptiste/Documents/ENSEA/3D/S10_007_Soc/002_TD/vivado_projet_zynq/projet8TD/projet8TD.sdk/getting_started_with_ZYBO/Debug/getting_started_with_ZYBO.elf
configparams force-mem-access 0
----------------End of Script----------------

11:23:03 INFO  : Memory regions updated for context APU
11:23:03 INFO  : Context for processor 'ps7_cortexa9_0' is selected.
11:23:03 INFO  : 'con' command is executed.
11:23:03 INFO  : ----------------XSDB Script (After Launch)----------------
targets -set -nocase -filter {name =~ "ARM*#0" && jtag_cable_name =~ "Digilent Zybo Z7 210351B0FED1A"} -index 0
con
----------------End of Script----------------

11:23:03 INFO  : Launch script is exported to file 'C:\Users\Baptiste\Documents\ENSEA\3D\S10_007_Soc\002_TD\vivado_projet_zynq\projet8TD\projet8TD.sdk\.sdk\launch_scripts\xilinx_c-c++_application_(system_debugger)\system_debugger_using_debug_getting_started_with_zybo.elf_on_local.tcl'
11:23:09 INFO  : Disconnected from the channel tcfchan#4.
11:23:11 INFO  : 'targets -set -filter {jtag_cable_name =~ "Digilent Zybo Z7 210351B0FED1A" && level==0} -index 1' command is executed.
11:23:11 INFO  : 'fpga -state' command is executed.
11:23:11 INFO  : Connected to target on host '127.0.0.1' and port '3121'.
11:23:11 INFO  : Jtag cable 'Digilent Zybo Z7 210351B0FED1A' is selected.
11:23:11 INFO  : 'jtag frequency' command is executed.
11:23:11 INFO  : Sourcing of 'C:/Users/Baptiste/Documents/ENSEA/3D/S10_007_Soc/002_TD/vivado_projet_zynq/projet8TD/projet8TD.sdk/zynq_1_wrapper_hw_platform_0/ps7_init.tcl' is done.
11:23:11 INFO  : Context for 'APU' is selected.
11:23:11 INFO  : Hardware design information is loaded from 'C:/Users/Baptiste/Documents/ENSEA/3D/S10_007_Soc/002_TD/vivado_projet_zynq/projet8TD/projet8TD.sdk/zynq_1_wrapper_hw_platform_0/system.hdf'.
11:23:11 INFO  : 'configparams force-mem-access 1' command is executed.
11:23:11 INFO  : Context for 'APU' is selected.
11:23:11 INFO  : 'stop' command is executed.
11:23:11 INFO  : 'ps7_init' command is executed.
11:23:11 INFO  : 'ps7_post_config' command is executed.
11:23:12 INFO  : Context for processor 'ps7_cortexa9_0' is selected.
11:23:12 INFO  : Processor reset is completed for 'ps7_cortexa9_0'.
11:23:12 INFO  : Context for processor 'ps7_cortexa9_0' is selected.
11:23:12 INFO  : The application 'C:/Users/Baptiste/Documents/ENSEA/3D/S10_007_Soc/002_TD/vivado_projet_zynq/projet8TD/projet8TD.sdk/getting_started_with_ZYBO/Debug/getting_started_with_ZYBO.elf' is downloaded to processor 'ps7_cortexa9_0'.
11:23:12 INFO  : 'configparams force-mem-access 0' command is executed.
11:23:12 INFO  : ----------------XSDB Script----------------
connect -url tcp:127.0.0.1:3121
source C:/Users/Baptiste/Documents/ENSEA/3D/S10_007_Soc/002_TD/vivado_projet_zynq/projet8TD/projet8TD.sdk/zynq_1_wrapper_hw_platform_0/ps7_init.tcl
targets -set -nocase -filter {name =~"APU*" && jtag_cable_name =~ "Digilent Zybo Z7 210351B0FED1A"} -index 0
loadhw -hw C:/Users/Baptiste/Documents/ENSEA/3D/S10_007_Soc/002_TD/vivado_projet_zynq/projet8TD/projet8TD.sdk/zynq_1_wrapper_hw_platform_0/system.hdf -mem-ranges [list {0x40000000 0xbfffffff}]
configparams force-mem-access 1
targets -set -nocase -filter {name =~"APU*" && jtag_cable_name =~ "Digilent Zybo Z7 210351B0FED1A"} -index 0
stop
ps7_init
ps7_post_config
targets -set -nocase -filter {name =~ "ARM*#0" && jtag_cable_name =~ "Digilent Zybo Z7 210351B0FED1A"} -index 0
rst -processor
targets -set -nocase -filter {name =~ "ARM*#0" && jtag_cable_name =~ "Digilent Zybo Z7 210351B0FED1A"} -index 0
dow C:/Users/Baptiste/Documents/ENSEA/3D/S10_007_Soc/002_TD/vivado_projet_zynq/projet8TD/projet8TD.sdk/getting_started_with_ZYBO/Debug/getting_started_with_ZYBO.elf
configparams force-mem-access 0
----------------End of Script----------------

11:23:12 INFO  : Memory regions updated for context APU
11:23:12 INFO  : Context for processor 'ps7_cortexa9_0' is selected.
11:23:12 INFO  : 'con' command is executed.
11:23:12 INFO  : ----------------XSDB Script (After Launch)----------------
targets -set -nocase -filter {name =~ "ARM*#0" && jtag_cable_name =~ "Digilent Zybo Z7 210351B0FED1A"} -index 0
con
----------------End of Script----------------

11:23:12 INFO  : Launch script is exported to file 'C:\Users\Baptiste\Documents\ENSEA\3D\S10_007_Soc\002_TD\vivado_projet_zynq\projet8TD\projet8TD.sdk\.sdk\launch_scripts\xilinx_c-c++_application_(system_debugger)\system_debugger_using_debug_getting_started_with_zybo.elf_on_local.tcl'
11:24:03 INFO  : Disconnected from the channel tcfchan#5.
11:24:05 INFO  : 'targets -set -filter {jtag_cable_name =~ "Digilent Zybo Z7 210351B0FED1A" && level==0} -index 1' command is executed.
11:24:05 INFO  : 'fpga -state' command is executed.
11:24:05 INFO  : Connected to target on host '127.0.0.1' and port '3121'.
11:24:05 INFO  : Jtag cable 'Digilent Zybo Z7 210351B0FED1A' is selected.
11:24:05 INFO  : 'jtag frequency' command is executed.
11:24:05 INFO  : Sourcing of 'C:/Users/Baptiste/Documents/ENSEA/3D/S10_007_Soc/002_TD/vivado_projet_zynq/projet8TD/projet8TD.sdk/zynq_1_wrapper_hw_platform_0/ps7_init.tcl' is done.
11:24:05 INFO  : Context for 'APU' is selected.
11:24:05 INFO  : Hardware design information is loaded from 'C:/Users/Baptiste/Documents/ENSEA/3D/S10_007_Soc/002_TD/vivado_projet_zynq/projet8TD/projet8TD.sdk/zynq_1_wrapper_hw_platform_0/system.hdf'.
11:24:05 INFO  : 'configparams force-mem-access 1' command is executed.
11:24:05 INFO  : Context for 'APU' is selected.
11:24:05 INFO  : 'stop' command is executed.
11:24:06 INFO  : 'ps7_init' command is executed.
11:24:06 INFO  : 'ps7_post_config' command is executed.
11:24:06 INFO  : Context for processor 'ps7_cortexa9_0' is selected.
11:24:06 INFO  : Processor reset is completed for 'ps7_cortexa9_0'.
11:24:06 INFO  : Context for processor 'ps7_cortexa9_0' is selected.
11:24:06 INFO  : The application 'C:/Users/Baptiste/Documents/ENSEA/3D/S10_007_Soc/002_TD/vivado_projet_zynq/projet8TD/projet8TD.sdk/getting_started_with_ZYBO/Debug/getting_started_with_ZYBO.elf' is downloaded to processor 'ps7_cortexa9_0'.
11:24:06 INFO  : 'configparams force-mem-access 0' command is executed.
11:24:06 INFO  : ----------------XSDB Script----------------
connect -url tcp:127.0.0.1:3121
source C:/Users/Baptiste/Documents/ENSEA/3D/S10_007_Soc/002_TD/vivado_projet_zynq/projet8TD/projet8TD.sdk/zynq_1_wrapper_hw_platform_0/ps7_init.tcl
targets -set -nocase -filter {name =~"APU*" && jtag_cable_name =~ "Digilent Zybo Z7 210351B0FED1A"} -index 0
loadhw -hw C:/Users/Baptiste/Documents/ENSEA/3D/S10_007_Soc/002_TD/vivado_projet_zynq/projet8TD/projet8TD.sdk/zynq_1_wrapper_hw_platform_0/system.hdf -mem-ranges [list {0x40000000 0xbfffffff}]
configparams force-mem-access 1
targets -set -nocase -filter {name =~"APU*" && jtag_cable_name =~ "Digilent Zybo Z7 210351B0FED1A"} -index 0
stop
ps7_init
ps7_post_config
targets -set -nocase -filter {name =~ "ARM*#0" && jtag_cable_name =~ "Digilent Zybo Z7 210351B0FED1A"} -index 0
rst -processor
targets -set -nocase -filter {name =~ "ARM*#0" && jtag_cable_name =~ "Digilent Zybo Z7 210351B0FED1A"} -index 0
dow C:/Users/Baptiste/Documents/ENSEA/3D/S10_007_Soc/002_TD/vivado_projet_zynq/projet8TD/projet8TD.sdk/getting_started_with_ZYBO/Debug/getting_started_with_ZYBO.elf
configparams force-mem-access 0
----------------End of Script----------------

11:24:06 INFO  : Memory regions updated for context APU
11:24:06 INFO  : Context for processor 'ps7_cortexa9_0' is selected.
11:24:06 INFO  : 'con' command is executed.
11:24:06 INFO  : ----------------XSDB Script (After Launch)----------------
targets -set -nocase -filter {name =~ "ARM*#0" && jtag_cable_name =~ "Digilent Zybo Z7 210351B0FED1A"} -index 0
con
----------------End of Script----------------

11:24:06 INFO  : Launch script is exported to file 'C:\Users\Baptiste\Documents\ENSEA\3D\S10_007_Soc\002_TD\vivado_projet_zynq\projet8TD\projet8TD.sdk\.sdk\launch_scripts\xilinx_c-c++_application_(system_debugger)\system_debugger_using_debug_getting_started_with_zybo.elf_on_local.tcl'
11:25:07 INFO  : Disconnected from the channel tcfchan#6.
11:25:09 INFO  : 'targets -set -filter {jtag_cable_name =~ "Digilent Zybo Z7 210351B0FED1A" && level==0} -index 1' command is executed.
11:25:09 INFO  : 'fpga -state' command is executed.
11:25:09 INFO  : Connected to target on host '127.0.0.1' and port '3121'.
11:25:09 INFO  : Jtag cable 'Digilent Zybo Z7 210351B0FED1A' is selected.
11:25:09 INFO  : 'jtag frequency' command is executed.
11:25:09 INFO  : Sourcing of 'C:/Users/Baptiste/Documents/ENSEA/3D/S10_007_Soc/002_TD/vivado_projet_zynq/projet8TD/projet8TD.sdk/zynq_1_wrapper_hw_platform_0/ps7_init.tcl' is done.
11:25:09 INFO  : Context for 'APU' is selected.
11:25:09 INFO  : Hardware design information is loaded from 'C:/Users/Baptiste/Documents/ENSEA/3D/S10_007_Soc/002_TD/vivado_projet_zynq/projet8TD/projet8TD.sdk/zynq_1_wrapper_hw_platform_0/system.hdf'.
11:25:09 INFO  : 'configparams force-mem-access 1' command is executed.
11:25:09 INFO  : Context for 'APU' is selected.
11:25:09 INFO  : 'stop' command is executed.
11:25:10 INFO  : 'ps7_init' command is executed.
11:25:10 INFO  : 'ps7_post_config' command is executed.
11:25:10 INFO  : Context for processor 'ps7_cortexa9_0' is selected.
11:25:10 INFO  : Processor reset is completed for 'ps7_cortexa9_0'.
11:25:10 INFO  : Context for processor 'ps7_cortexa9_0' is selected.
11:25:10 INFO  : The application 'C:/Users/Baptiste/Documents/ENSEA/3D/S10_007_Soc/002_TD/vivado_projet_zynq/projet8TD/projet8TD.sdk/getting_started_with_ZYBO/Debug/getting_started_with_ZYBO.elf' is downloaded to processor 'ps7_cortexa9_0'.
11:25:10 INFO  : 'configparams force-mem-access 0' command is executed.
11:25:10 INFO  : ----------------XSDB Script----------------
connect -url tcp:127.0.0.1:3121
source C:/Users/Baptiste/Documents/ENSEA/3D/S10_007_Soc/002_TD/vivado_projet_zynq/projet8TD/projet8TD.sdk/zynq_1_wrapper_hw_platform_0/ps7_init.tcl
targets -set -nocase -filter {name =~"APU*" && jtag_cable_name =~ "Digilent Zybo Z7 210351B0FED1A"} -index 0
loadhw -hw C:/Users/Baptiste/Documents/ENSEA/3D/S10_007_Soc/002_TD/vivado_projet_zynq/projet8TD/projet8TD.sdk/zynq_1_wrapper_hw_platform_0/system.hdf -mem-ranges [list {0x40000000 0xbfffffff}]
configparams force-mem-access 1
targets -set -nocase -filter {name =~"APU*" && jtag_cable_name =~ "Digilent Zybo Z7 210351B0FED1A"} -index 0
stop
ps7_init
ps7_post_config
targets -set -nocase -filter {name =~ "ARM*#0" && jtag_cable_name =~ "Digilent Zybo Z7 210351B0FED1A"} -index 0
rst -processor
targets -set -nocase -filter {name =~ "ARM*#0" && jtag_cable_name =~ "Digilent Zybo Z7 210351B0FED1A"} -index 0
dow C:/Users/Baptiste/Documents/ENSEA/3D/S10_007_Soc/002_TD/vivado_projet_zynq/projet8TD/projet8TD.sdk/getting_started_with_ZYBO/Debug/getting_started_with_ZYBO.elf
configparams force-mem-access 0
----------------End of Script----------------

11:25:10 INFO  : Memory regions updated for context APU
11:25:10 INFO  : Context for processor 'ps7_cortexa9_0' is selected.
11:25:10 INFO  : 'con' command is executed.
11:25:10 INFO  : ----------------XSDB Script (After Launch)----------------
targets -set -nocase -filter {name =~ "ARM*#0" && jtag_cable_name =~ "Digilent Zybo Z7 210351B0FED1A"} -index 0
con
----------------End of Script----------------

11:25:10 INFO  : Launch script is exported to file 'C:\Users\Baptiste\Documents\ENSEA\3D\S10_007_Soc\002_TD\vivado_projet_zynq\projet8TD\projet8TD.sdk\.sdk\launch_scripts\xilinx_c-c++_application_(system_debugger)\system_debugger_using_debug_getting_started_with_zybo.elf_on_local.tcl'
11:25:41 INFO  : Disconnected from the channel tcfchan#7.
11:25:42 INFO  : 'targets -set -filter {jtag_cable_name =~ "Digilent Zybo Z7 210351B0FED1A" && level==0} -index 1' command is executed.
11:25:42 INFO  : 'fpga -state' command is executed.
11:25:42 INFO  : Connected to target on host '127.0.0.1' and port '3121'.
11:25:43 INFO  : Jtag cable 'Digilent Zybo Z7 210351B0FED1A' is selected.
11:25:43 INFO  : 'jtag frequency' command is executed.
11:25:43 INFO  : Sourcing of 'C:/Users/Baptiste/Documents/ENSEA/3D/S10_007_Soc/002_TD/vivado_projet_zynq/projet8TD/projet8TD.sdk/zynq_1_wrapper_hw_platform_0/ps7_init.tcl' is done.
11:25:43 INFO  : Context for 'APU' is selected.
11:25:43 INFO  : Hardware design information is loaded from 'C:/Users/Baptiste/Documents/ENSEA/3D/S10_007_Soc/002_TD/vivado_projet_zynq/projet8TD/projet8TD.sdk/zynq_1_wrapper_hw_platform_0/system.hdf'.
11:25:43 INFO  : 'configparams force-mem-access 1' command is executed.
11:25:43 INFO  : Context for 'APU' is selected.
11:25:43 INFO  : 'stop' command is executed.
11:25:43 INFO  : 'ps7_init' command is executed.
11:25:43 INFO  : 'ps7_post_config' command is executed.
11:25:43 INFO  : Context for processor 'ps7_cortexa9_0' is selected.
11:25:43 INFO  : Processor reset is completed for 'ps7_cortexa9_0'.
11:25:43 INFO  : Context for processor 'ps7_cortexa9_0' is selected.
11:25:44 INFO  : The application 'C:/Users/Baptiste/Documents/ENSEA/3D/S10_007_Soc/002_TD/vivado_projet_zynq/projet8TD/projet8TD.sdk/getting_started_with_ZYBO/Debug/getting_started_with_ZYBO.elf' is downloaded to processor 'ps7_cortexa9_0'.
11:25:44 INFO  : 'configparams force-mem-access 0' command is executed.
11:25:44 INFO  : ----------------XSDB Script----------------
connect -url tcp:127.0.0.1:3121
source C:/Users/Baptiste/Documents/ENSEA/3D/S10_007_Soc/002_TD/vivado_projet_zynq/projet8TD/projet8TD.sdk/zynq_1_wrapper_hw_platform_0/ps7_init.tcl
targets -set -nocase -filter {name =~"APU*" && jtag_cable_name =~ "Digilent Zybo Z7 210351B0FED1A"} -index 0
loadhw -hw C:/Users/Baptiste/Documents/ENSEA/3D/S10_007_Soc/002_TD/vivado_projet_zynq/projet8TD/projet8TD.sdk/zynq_1_wrapper_hw_platform_0/system.hdf -mem-ranges [list {0x40000000 0xbfffffff}]
configparams force-mem-access 1
targets -set -nocase -filter {name =~"APU*" && jtag_cable_name =~ "Digilent Zybo Z7 210351B0FED1A"} -index 0
stop
ps7_init
ps7_post_config
targets -set -nocase -filter {name =~ "ARM*#0" && jtag_cable_name =~ "Digilent Zybo Z7 210351B0FED1A"} -index 0
rst -processor
targets -set -nocase -filter {name =~ "ARM*#0" && jtag_cable_name =~ "Digilent Zybo Z7 210351B0FED1A"} -index 0
dow C:/Users/Baptiste/Documents/ENSEA/3D/S10_007_Soc/002_TD/vivado_projet_zynq/projet8TD/projet8TD.sdk/getting_started_with_ZYBO/Debug/getting_started_with_ZYBO.elf
configparams force-mem-access 0
----------------End of Script----------------

11:25:44 INFO  : Memory regions updated for context APU
11:25:44 INFO  : Context for processor 'ps7_cortexa9_0' is selected.
11:25:44 INFO  : 'con' command is executed.
11:25:44 INFO  : ----------------XSDB Script (After Launch)----------------
targets -set -nocase -filter {name =~ "ARM*#0" && jtag_cable_name =~ "Digilent Zybo Z7 210351B0FED1A"} -index 0
con
----------------End of Script----------------

11:25:44 INFO  : Launch script is exported to file 'C:\Users\Baptiste\Documents\ENSEA\3D\S10_007_Soc\002_TD\vivado_projet_zynq\projet8TD\projet8TD.sdk\.sdk\launch_scripts\xilinx_c-c++_application_(system_debugger)\system_debugger_using_debug_getting_started_with_zybo.elf_on_local.tcl'
11:28:39 INFO  : Disconnected from the channel tcfchan#8.
11:28:40 INFO  : 'targets -set -filter {jtag_cable_name =~ "Digilent Zybo Z7 210351B0FED1A" && level==0} -index 1' command is executed.
11:28:40 INFO  : 'fpga -state' command is executed.
11:28:40 INFO  : Connected to target on host '127.0.0.1' and port '3121'.
11:28:40 INFO  : Jtag cable 'Digilent Zybo Z7 210351B0FED1A' is selected.
11:28:40 INFO  : 'jtag frequency' command is executed.
11:28:40 INFO  : Sourcing of 'C:/Users/Baptiste/Documents/ENSEA/3D/S10_007_Soc/002_TD/vivado_projet_zynq/projet8TD/projet8TD.sdk/zynq_1_wrapper_hw_platform_0/ps7_init.tcl' is done.
11:28:41 INFO  : Context for 'APU' is selected.
11:28:41 INFO  : Hardware design information is loaded from 'C:/Users/Baptiste/Documents/ENSEA/3D/S10_007_Soc/002_TD/vivado_projet_zynq/projet8TD/projet8TD.sdk/zynq_1_wrapper_hw_platform_0/system.hdf'.
11:28:41 INFO  : 'configparams force-mem-access 1' command is executed.
11:28:41 INFO  : Context for 'APU' is selected.
11:28:41 INFO  : 'stop' command is executed.
11:28:41 INFO  : 'ps7_init' command is executed.
11:28:41 INFO  : 'ps7_post_config' command is executed.
11:28:41 INFO  : Context for processor 'ps7_cortexa9_0' is selected.
11:28:41 INFO  : Processor reset is completed for 'ps7_cortexa9_0'.
11:28:41 INFO  : Context for processor 'ps7_cortexa9_0' is selected.
11:28:41 INFO  : The application 'C:/Users/Baptiste/Documents/ENSEA/3D/S10_007_Soc/002_TD/vivado_projet_zynq/projet8TD/projet8TD.sdk/getting_started_with_ZYBO/Debug/getting_started_with_ZYBO.elf' is downloaded to processor 'ps7_cortexa9_0'.
11:28:41 INFO  : 'configparams force-mem-access 0' command is executed.
11:28:41 INFO  : ----------------XSDB Script----------------
connect -url tcp:127.0.0.1:3121
source C:/Users/Baptiste/Documents/ENSEA/3D/S10_007_Soc/002_TD/vivado_projet_zynq/projet8TD/projet8TD.sdk/zynq_1_wrapper_hw_platform_0/ps7_init.tcl
targets -set -nocase -filter {name =~"APU*" && jtag_cable_name =~ "Digilent Zybo Z7 210351B0FED1A"} -index 0
loadhw -hw C:/Users/Baptiste/Documents/ENSEA/3D/S10_007_Soc/002_TD/vivado_projet_zynq/projet8TD/projet8TD.sdk/zynq_1_wrapper_hw_platform_0/system.hdf -mem-ranges [list {0x40000000 0xbfffffff}]
configparams force-mem-access 1
targets -set -nocase -filter {name =~"APU*" && jtag_cable_name =~ "Digilent Zybo Z7 210351B0FED1A"} -index 0
stop
ps7_init
ps7_post_config
targets -set -nocase -filter {name =~ "ARM*#0" && jtag_cable_name =~ "Digilent Zybo Z7 210351B0FED1A"} -index 0
rst -processor
targets -set -nocase -filter {name =~ "ARM*#0" && jtag_cable_name =~ "Digilent Zybo Z7 210351B0FED1A"} -index 0
dow C:/Users/Baptiste/Documents/ENSEA/3D/S10_007_Soc/002_TD/vivado_projet_zynq/projet8TD/projet8TD.sdk/getting_started_with_ZYBO/Debug/getting_started_with_ZYBO.elf
configparams force-mem-access 0
----------------End of Script----------------

11:28:42 INFO  : Memory regions updated for context APU
11:28:42 INFO  : Context for processor 'ps7_cortexa9_0' is selected.
11:28:42 INFO  : 'con' command is executed.
11:28:42 INFO  : ----------------XSDB Script (After Launch)----------------
targets -set -nocase -filter {name =~ "ARM*#0" && jtag_cable_name =~ "Digilent Zybo Z7 210351B0FED1A"} -index 0
con
----------------End of Script----------------

11:28:42 INFO  : Launch script is exported to file 'C:\Users\Baptiste\Documents\ENSEA\3D\S10_007_Soc\002_TD\vivado_projet_zynq\projet8TD\projet8TD.sdk\.sdk\launch_scripts\xilinx_c-c++_application_(system_debugger)\system_debugger_using_debug_getting_started_with_zybo.elf_on_local.tcl'
11:31:24 INFO  : Disconnected from the channel tcfchan#9.
11:31:26 INFO  : 'targets -set -filter {jtag_cable_name =~ "Digilent Zybo Z7 210351B0FED1A" && level==0} -index 1' command is executed.
11:31:26 INFO  : 'fpga -state' command is executed.
11:31:26 INFO  : Connected to target on host '127.0.0.1' and port '3121'.
11:31:26 INFO  : Jtag cable 'Digilent Zybo Z7 210351B0FED1A' is selected.
11:31:26 INFO  : 'jtag frequency' command is executed.
11:31:26 INFO  : Sourcing of 'C:/Users/Baptiste/Documents/ENSEA/3D/S10_007_Soc/002_TD/vivado_projet_zynq/projet8TD/projet8TD.sdk/zynq_1_wrapper_hw_platform_0/ps7_init.tcl' is done.
11:31:26 INFO  : Context for 'APU' is selected.
11:31:26 INFO  : Hardware design information is loaded from 'C:/Users/Baptiste/Documents/ENSEA/3D/S10_007_Soc/002_TD/vivado_projet_zynq/projet8TD/projet8TD.sdk/zynq_1_wrapper_hw_platform_0/system.hdf'.
11:31:26 INFO  : 'configparams force-mem-access 1' command is executed.
11:31:26 INFO  : Context for 'APU' is selected.
11:31:26 INFO  : 'stop' command is executed.
11:31:27 INFO  : 'ps7_init' command is executed.
11:31:27 INFO  : 'ps7_post_config' command is executed.
11:31:27 INFO  : Context for processor 'ps7_cortexa9_0' is selected.
11:31:27 INFO  : Processor reset is completed for 'ps7_cortexa9_0'.
11:31:27 INFO  : Context for processor 'ps7_cortexa9_0' is selected.
11:31:27 INFO  : The application 'C:/Users/Baptiste/Documents/ENSEA/3D/S10_007_Soc/002_TD/vivado_projet_zynq/projet8TD/projet8TD.sdk/getting_started_with_ZYBO/Debug/getting_started_with_ZYBO.elf' is downloaded to processor 'ps7_cortexa9_0'.
11:31:27 INFO  : 'configparams force-mem-access 0' command is executed.
11:31:27 INFO  : ----------------XSDB Script----------------
connect -url tcp:127.0.0.1:3121
source C:/Users/Baptiste/Documents/ENSEA/3D/S10_007_Soc/002_TD/vivado_projet_zynq/projet8TD/projet8TD.sdk/zynq_1_wrapper_hw_platform_0/ps7_init.tcl
targets -set -nocase -filter {name =~"APU*" && jtag_cable_name =~ "Digilent Zybo Z7 210351B0FED1A"} -index 0
loadhw -hw C:/Users/Baptiste/Documents/ENSEA/3D/S10_007_Soc/002_TD/vivado_projet_zynq/projet8TD/projet8TD.sdk/zynq_1_wrapper_hw_platform_0/system.hdf -mem-ranges [list {0x40000000 0xbfffffff}]
configparams force-mem-access 1
targets -set -nocase -filter {name =~"APU*" && jtag_cable_name =~ "Digilent Zybo Z7 210351B0FED1A"} -index 0
stop
ps7_init
ps7_post_config
targets -set -nocase -filter {name =~ "ARM*#0" && jtag_cable_name =~ "Digilent Zybo Z7 210351B0FED1A"} -index 0
rst -processor
targets -set -nocase -filter {name =~ "ARM*#0" && jtag_cable_name =~ "Digilent Zybo Z7 210351B0FED1A"} -index 0
dow C:/Users/Baptiste/Documents/ENSEA/3D/S10_007_Soc/002_TD/vivado_projet_zynq/projet8TD/projet8TD.sdk/getting_started_with_ZYBO/Debug/getting_started_with_ZYBO.elf
configparams force-mem-access 0
----------------End of Script----------------

11:31:27 INFO  : Memory regions updated for context APU
11:31:27 INFO  : Context for processor 'ps7_cortexa9_0' is selected.
11:31:27 INFO  : 'con' command is executed.
11:31:27 INFO  : ----------------XSDB Script (After Launch)----------------
targets -set -nocase -filter {name =~ "ARM*#0" && jtag_cable_name =~ "Digilent Zybo Z7 210351B0FED1A"} -index 0
con
----------------End of Script----------------

11:31:27 INFO  : Launch script is exported to file 'C:\Users\Baptiste\Documents\ENSEA\3D\S10_007_Soc\002_TD\vivado_projet_zynq\projet8TD\projet8TD.sdk\.sdk\launch_scripts\xilinx_c-c++_application_(system_debugger)\system_debugger_using_debug_getting_started_with_zybo.elf_on_local.tcl'
11:38:37 INFO  : Disconnected from the channel tcfchan#10.
11:38:38 INFO  : 'targets -set -filter {jtag_cable_name =~ "Digilent Zybo Z7 210351B0FED1A" && level==0} -index 1' command is executed.
11:38:38 INFO  : 'fpga -state' command is executed.
11:38:38 INFO  : Connected to target on host '127.0.0.1' and port '3121'.
11:38:38 INFO  : Jtag cable 'Digilent Zybo Z7 210351B0FED1A' is selected.
11:38:38 INFO  : 'jtag frequency' command is executed.
11:38:38 INFO  : Sourcing of 'C:/Users/Baptiste/Documents/ENSEA/3D/S10_007_Soc/002_TD/vivado_projet_zynq/projet8TD/projet8TD.sdk/zynq_1_wrapper_hw_platform_0/ps7_init.tcl' is done.
11:38:38 INFO  : Context for 'APU' is selected.
11:38:38 INFO  : Hardware design information is loaded from 'C:/Users/Baptiste/Documents/ENSEA/3D/S10_007_Soc/002_TD/vivado_projet_zynq/projet8TD/projet8TD.sdk/zynq_1_wrapper_hw_platform_0/system.hdf'.
11:38:38 INFO  : 'configparams force-mem-access 1' command is executed.
11:38:39 INFO  : Context for 'APU' is selected.
11:38:39 INFO  : 'stop' command is executed.
11:38:39 INFO  : 'ps7_init' command is executed.
11:38:39 INFO  : 'ps7_post_config' command is executed.
11:38:39 INFO  : Context for processor 'ps7_cortexa9_0' is selected.
11:38:39 INFO  : Processor reset is completed for 'ps7_cortexa9_0'.
11:38:39 INFO  : Context for processor 'ps7_cortexa9_0' is selected.
11:38:39 INFO  : The application 'C:/Users/Baptiste/Documents/ENSEA/3D/S10_007_Soc/002_TD/vivado_projet_zynq/projet8TD/projet8TD.sdk/getting_started_with_ZYBO/Debug/getting_started_with_ZYBO.elf' is downloaded to processor 'ps7_cortexa9_0'.
11:38:39 INFO  : 'configparams force-mem-access 0' command is executed.
11:38:39 INFO  : ----------------XSDB Script----------------
connect -url tcp:127.0.0.1:3121
source C:/Users/Baptiste/Documents/ENSEA/3D/S10_007_Soc/002_TD/vivado_projet_zynq/projet8TD/projet8TD.sdk/zynq_1_wrapper_hw_platform_0/ps7_init.tcl
targets -set -nocase -filter {name =~"APU*" && jtag_cable_name =~ "Digilent Zybo Z7 210351B0FED1A"} -index 0
loadhw -hw C:/Users/Baptiste/Documents/ENSEA/3D/S10_007_Soc/002_TD/vivado_projet_zynq/projet8TD/projet8TD.sdk/zynq_1_wrapper_hw_platform_0/system.hdf -mem-ranges [list {0x40000000 0xbfffffff}]
configparams force-mem-access 1
targets -set -nocase -filter {name =~"APU*" && jtag_cable_name =~ "Digilent Zybo Z7 210351B0FED1A"} -index 0
stop
ps7_init
ps7_post_config
targets -set -nocase -filter {name =~ "ARM*#0" && jtag_cable_name =~ "Digilent Zybo Z7 210351B0FED1A"} -index 0
rst -processor
targets -set -nocase -filter {name =~ "ARM*#0" && jtag_cable_name =~ "Digilent Zybo Z7 210351B0FED1A"} -index 0
dow C:/Users/Baptiste/Documents/ENSEA/3D/S10_007_Soc/002_TD/vivado_projet_zynq/projet8TD/projet8TD.sdk/getting_started_with_ZYBO/Debug/getting_started_with_ZYBO.elf
configparams force-mem-access 0
----------------End of Script----------------

11:38:40 INFO  : Memory regions updated for context APU
11:38:40 INFO  : Context for processor 'ps7_cortexa9_0' is selected.
11:38:40 INFO  : 'con' command is executed.
11:38:40 INFO  : ----------------XSDB Script (After Launch)----------------
targets -set -nocase -filter {name =~ "ARM*#0" && jtag_cable_name =~ "Digilent Zybo Z7 210351B0FED1A"} -index 0
con
----------------End of Script----------------

11:38:40 INFO  : Launch script is exported to file 'C:\Users\Baptiste\Documents\ENSEA\3D\S10_007_Soc\002_TD\vivado_projet_zynq\projet8TD\projet8TD.sdk\.sdk\launch_scripts\xilinx_c-c++_application_(system_debugger)\system_debugger_using_debug_getting_started_with_zybo.elf_on_local.tcl'
11:40:42 INFO  : Disconnected from the channel tcfchan#11.
11:40:43 INFO  : 'targets -set -filter {jtag_cable_name =~ "Digilent Zybo Z7 210351B0FED1A" && level==0} -index 1' command is executed.
11:40:43 INFO  : 'fpga -state' command is executed.
11:40:43 INFO  : Connected to target on host '127.0.0.1' and port '3121'.
11:40:43 INFO  : Jtag cable 'Digilent Zybo Z7 210351B0FED1A' is selected.
11:40:43 INFO  : 'jtag frequency' command is executed.
11:40:43 INFO  : Sourcing of 'C:/Users/Baptiste/Documents/ENSEA/3D/S10_007_Soc/002_TD/vivado_projet_zynq/projet8TD/projet8TD.sdk/zynq_1_wrapper_hw_platform_0/ps7_init.tcl' is done.
11:40:43 INFO  : Context for 'APU' is selected.
11:40:43 INFO  : Hardware design information is loaded from 'C:/Users/Baptiste/Documents/ENSEA/3D/S10_007_Soc/002_TD/vivado_projet_zynq/projet8TD/projet8TD.sdk/zynq_1_wrapper_hw_platform_0/system.hdf'.
11:40:43 INFO  : 'configparams force-mem-access 1' command is executed.
11:40:43 INFO  : Context for 'APU' is selected.
11:40:43 INFO  : 'stop' command is executed.
11:40:44 INFO  : 'ps7_init' command is executed.
11:40:44 INFO  : 'ps7_post_config' command is executed.
11:40:44 INFO  : Context for processor 'ps7_cortexa9_0' is selected.
11:40:44 INFO  : Processor reset is completed for 'ps7_cortexa9_0'.
11:40:44 INFO  : Context for processor 'ps7_cortexa9_0' is selected.
11:40:44 INFO  : The application 'C:/Users/Baptiste/Documents/ENSEA/3D/S10_007_Soc/002_TD/vivado_projet_zynq/projet8TD/projet8TD.sdk/getting_started_with_ZYBO/Debug/getting_started_with_ZYBO.elf' is downloaded to processor 'ps7_cortexa9_0'.
11:40:44 INFO  : 'configparams force-mem-access 0' command is executed.
11:40:44 INFO  : ----------------XSDB Script----------------
connect -url tcp:127.0.0.1:3121
source C:/Users/Baptiste/Documents/ENSEA/3D/S10_007_Soc/002_TD/vivado_projet_zynq/projet8TD/projet8TD.sdk/zynq_1_wrapper_hw_platform_0/ps7_init.tcl
targets -set -nocase -filter {name =~"APU*" && jtag_cable_name =~ "Digilent Zybo Z7 210351B0FED1A"} -index 0
loadhw -hw C:/Users/Baptiste/Documents/ENSEA/3D/S10_007_Soc/002_TD/vivado_projet_zynq/projet8TD/projet8TD.sdk/zynq_1_wrapper_hw_platform_0/system.hdf -mem-ranges [list {0x40000000 0xbfffffff}]
configparams force-mem-access 1
targets -set -nocase -filter {name =~"APU*" && jtag_cable_name =~ "Digilent Zybo Z7 210351B0FED1A"} -index 0
stop
ps7_init
ps7_post_config
targets -set -nocase -filter {name =~ "ARM*#0" && jtag_cable_name =~ "Digilent Zybo Z7 210351B0FED1A"} -index 0
rst -processor
targets -set -nocase -filter {name =~ "ARM*#0" && jtag_cable_name =~ "Digilent Zybo Z7 210351B0FED1A"} -index 0
dow C:/Users/Baptiste/Documents/ENSEA/3D/S10_007_Soc/002_TD/vivado_projet_zynq/projet8TD/projet8TD.sdk/getting_started_with_ZYBO/Debug/getting_started_with_ZYBO.elf
configparams force-mem-access 0
----------------End of Script----------------

11:40:44 INFO  : Memory regions updated for context APU
11:40:44 INFO  : Context for processor 'ps7_cortexa9_0' is selected.
11:40:44 INFO  : 'con' command is executed.
11:40:44 INFO  : ----------------XSDB Script (After Launch)----------------
targets -set -nocase -filter {name =~ "ARM*#0" && jtag_cable_name =~ "Digilent Zybo Z7 210351B0FED1A"} -index 0
con
----------------End of Script----------------

11:40:45 INFO  : Launch script is exported to file 'C:\Users\Baptiste\Documents\ENSEA\3D\S10_007_Soc\002_TD\vivado_projet_zynq\projet8TD\projet8TD.sdk\.sdk\launch_scripts\xilinx_c-c++_application_(system_debugger)\system_debugger_using_debug_getting_started_with_zybo.elf_on_local.tcl'
11:45:45 INFO  : Disconnected from the channel tcfchan#12.
11:45:47 INFO  : 'targets -set -filter {jtag_cable_name =~ "Digilent Zybo Z7 210351B0FED1A" && level==0} -index 1' command is executed.
11:45:47 INFO  : 'fpga -state' command is executed.
11:45:47 INFO  : Connected to target on host '127.0.0.1' and port '3121'.
11:45:47 INFO  : Jtag cable 'Digilent Zybo Z7 210351B0FED1A' is selected.
11:45:47 INFO  : 'jtag frequency' command is executed.
11:45:47 INFO  : Sourcing of 'C:/Users/Baptiste/Documents/ENSEA/3D/S10_007_Soc/002_TD/vivado_projet_zynq/projet8TD/projet8TD.sdk/zynq_1_wrapper_hw_platform_0/ps7_init.tcl' is done.
11:45:47 INFO  : Context for 'APU' is selected.
11:45:47 INFO  : Hardware design information is loaded from 'C:/Users/Baptiste/Documents/ENSEA/3D/S10_007_Soc/002_TD/vivado_projet_zynq/projet8TD/projet8TD.sdk/zynq_1_wrapper_hw_platform_0/system.hdf'.
11:45:47 INFO  : 'configparams force-mem-access 1' command is executed.
11:45:47 INFO  : Context for 'APU' is selected.
11:45:47 INFO  : 'stop' command is executed.
11:45:48 INFO  : 'ps7_init' command is executed.
11:45:48 INFO  : 'ps7_post_config' command is executed.
11:45:48 INFO  : Context for processor 'ps7_cortexa9_0' is selected.
11:45:48 INFO  : Processor reset is completed for 'ps7_cortexa9_0'.
11:45:48 INFO  : Context for processor 'ps7_cortexa9_0' is selected.
11:45:48 INFO  : The application 'C:/Users/Baptiste/Documents/ENSEA/3D/S10_007_Soc/002_TD/vivado_projet_zynq/projet8TD/projet8TD.sdk/getting_started_with_ZYBO/Debug/getting_started_with_ZYBO.elf' is downloaded to processor 'ps7_cortexa9_0'.
11:45:48 INFO  : 'configparams force-mem-access 0' command is executed.
11:45:48 INFO  : ----------------XSDB Script----------------
connect -url tcp:127.0.0.1:3121
source C:/Users/Baptiste/Documents/ENSEA/3D/S10_007_Soc/002_TD/vivado_projet_zynq/projet8TD/projet8TD.sdk/zynq_1_wrapper_hw_platform_0/ps7_init.tcl
targets -set -nocase -filter {name =~"APU*" && jtag_cable_name =~ "Digilent Zybo Z7 210351B0FED1A"} -index 0
loadhw -hw C:/Users/Baptiste/Documents/ENSEA/3D/S10_007_Soc/002_TD/vivado_projet_zynq/projet8TD/projet8TD.sdk/zynq_1_wrapper_hw_platform_0/system.hdf -mem-ranges [list {0x40000000 0xbfffffff}]
configparams force-mem-access 1
targets -set -nocase -filter {name =~"APU*" && jtag_cable_name =~ "Digilent Zybo Z7 210351B0FED1A"} -index 0
stop
ps7_init
ps7_post_config
targets -set -nocase -filter {name =~ "ARM*#0" && jtag_cable_name =~ "Digilent Zybo Z7 210351B0FED1A"} -index 0
rst -processor
targets -set -nocase -filter {name =~ "ARM*#0" && jtag_cable_name =~ "Digilent Zybo Z7 210351B0FED1A"} -index 0
dow C:/Users/Baptiste/Documents/ENSEA/3D/S10_007_Soc/002_TD/vivado_projet_zynq/projet8TD/projet8TD.sdk/getting_started_with_ZYBO/Debug/getting_started_with_ZYBO.elf
configparams force-mem-access 0
----------------End of Script----------------

11:45:48 INFO  : Memory regions updated for context APU
11:45:48 INFO  : Context for processor 'ps7_cortexa9_0' is selected.
11:45:48 INFO  : 'con' command is executed.
11:45:48 INFO  : ----------------XSDB Script (After Launch)----------------
targets -set -nocase -filter {name =~ "ARM*#0" && jtag_cable_name =~ "Digilent Zybo Z7 210351B0FED1A"} -index 0
con
----------------End of Script----------------

11:45:48 INFO  : Launch script is exported to file 'C:\Users\Baptiste\Documents\ENSEA\3D\S10_007_Soc\002_TD\vivado_projet_zynq\projet8TD\projet8TD.sdk\.sdk\launch_scripts\xilinx_c-c++_application_(system_debugger)\system_debugger_using_debug_getting_started_with_zybo.elf_on_local.tcl'
11:51:50 INFO  : Disconnected from the channel tcfchan#13.
14:14:00 INFO  : Registering command handlers for SDK TCF services
14:14:02 INFO  : Launching XSCT server: xsct.bat -interactive C:\Users\Baptiste\Documents\ENSEA\3D\S10_007_Soc\002_TD\vivado_projet_zynq\projet8TD\projet8TD.sdk\temp_xsdb_launch_script.tcl
14:14:08 INFO  : XSCT server has started successfully.
14:14:10 INFO  : Successfully done setting XSCT server connection channel  
14:14:10 INFO  : Successfully done setting SDK workspace  
14:14:10 INFO  : Processing command line option -hwspec C:/Users/Baptiste/Documents/ENSEA/3D/S10_007_Soc/002_TD/vivado_projet_zynq/projet8TD/projet8TD.sdk/zynq_1_wrapper.hdf.
14:14:10 INFO  : Checking for hwspec changes in the project zynq_1_wrapper_hw_platform_0.
13:40:48 INFO  : Registering command handlers for SDK TCF services
13:40:50 INFO  : Launching XSCT server: xsct.bat -interactive C:\Users\Baptiste\Documents\ENSEA\3D\S10_007_Soc\002_TD\vivado_projet_zynq\projet8TD\projet8TD.sdk\temp_xsdb_launch_script.tcl
13:40:57 INFO  : XSCT server has started successfully.
13:40:57 INFO  : Successfully done setting XSCT server connection channel  
13:40:59 INFO  : Successfully done setting SDK workspace  
13:40:59 INFO  : Processing command line option -hwspec C:/Users/Baptiste/Documents/ENSEA/3D/S10_007_Soc/002_TD/vivado_projet_zynq/projet8TD/projet8TD.sdk/zynq_1_wrapper.hdf.
13:40:59 INFO  : Checking for hwspec changes in the project zynq_1_wrapper_hw_platform_0.
21:39:26 INFO  : Registering command handlers for SDK TCF services
21:39:27 INFO  : Launching XSCT server: xsct.bat -interactive C:\Users\Baptiste\Documents\ENSEA\3D\S10_007_Soc\002_TD\vivado_projet_zynq\projet8TD.old1\projet8TD.sdk\temp_xsdb_launch_script.tcl
21:39:31 INFO  : XSCT server has started successfully.
21:39:32 INFO  : Successfully done setting XSCT server connection channel  
21:39:32 INFO  : Successfully done setting SDK workspace  
21:39:32 INFO  : Processing command line option -hwspec C:/Users/Baptiste/Documents/ENSEA/3D/S10_007_Soc/002_TD/vivado_projet_zynq/projet8TD.old1/projet8TD.sdk/zynq_1_wrapper.hdf.
21:39:38 INFO  : SDK has detected change in the last modified timestamps for source hardware specification file Source:1652366867192,  Project:1650530785363
21:39:38 INFO  : Project zynq_1_wrapper_hw_platform_0's source hardware specification located at C:/Users/Baptiste/Documents/ENSEA/3D/S10_007_Soc/002_TD/vivado_projet_zynq/projet8TD/projet8TD.sdk/zynq_1_wrapper.hdf is now different from the local copy.
		 The local copy will be replaced with the source specification and your workspace will be updated.
21:39:42 INFO  : Copied contents of C:/Users/Baptiste/Documents/ENSEA/3D/S10_007_Soc/002_TD/vivado_projet_zynq/projet8TD/projet8TD.sdk/zynq_1_wrapper.hdf into \zynq_1_wrapper_hw_platform_0\system.hdf.
21:39:47 INFO  : Synchronizing projects in the workspace with the hardware platform specification changes.
21:39:51 INFO  : 
21:39:52 INFO  : Updating hardware inferred compiler options for getting_started_with_ZYBO.
21:39:53 INFO  : Clearing existing target manager status.
21:41:45 INFO  : Connected to target on host '127.0.0.1' and port '3121'.
21:41:45 INFO  : 'targets -set -filter {jtag_cable_name =~ "Digilent Zybo Z7 210351B0FED1A" && level==0} -index 1' command is executed.
21:41:47 INFO  : FPGA configured successfully with bitstream "C:/Users/Baptiste/Documents/ENSEA/3D/S10_007_Soc/002_TD/vivado_projet_zynq/projet8TD.old1/projet8TD.sdk/zynq_1_wrapper_hw_platform_0/zynq_1_wrapper.bit"
21:41:53 INFO  : 'targets -set -filter {jtag_cable_name =~ "Digilent Zybo Z7 210351B0FED1A" && level==0} -index 1' command is executed.
21:41:53 INFO  : 'fpga -state' command is executed.
21:41:53 INFO  : Connected to target on host '127.0.0.1' and port '3121'.
21:41:54 INFO  : Jtag cable 'Digilent Zybo Z7 210351B0FED1A' is selected.
21:41:54 INFO  : 'jtag frequency' command is executed.
21:41:54 INFO  : Sourcing of 'C:/Users/Baptiste/Documents/ENSEA/3D/S10_007_Soc/002_TD/vivado_projet_zynq/projet8TD.old1/projet8TD.sdk/zynq_1_wrapper_hw_platform_0/ps7_init.tcl' is done.
21:41:54 INFO  : Context for 'APU' is selected.
21:41:54 INFO  : Hardware design information is loaded from 'C:/Users/Baptiste/Documents/ENSEA/3D/S10_007_Soc/002_TD/vivado_projet_zynq/projet8TD.old1/projet8TD.sdk/zynq_1_wrapper_hw_platform_0/system.hdf'.
21:41:54 INFO  : 'configparams force-mem-access 1' command is executed.
21:41:54 INFO  : Context for 'APU' is selected.
21:41:54 INFO  : 'stop' command is executed.
21:41:55 INFO  : 'ps7_init' command is executed.
21:41:55 INFO  : 'ps7_post_config' command is executed.
21:41:55 INFO  : Context for processor 'ps7_cortexa9_0' is selected.
21:41:55 INFO  : Processor reset is completed for 'ps7_cortexa9_0'.
21:41:55 INFO  : Context for processor 'ps7_cortexa9_0' is selected.
21:41:55 INFO  : The application 'C:/Users/Baptiste/Documents/ENSEA/3D/S10_007_Soc/002_TD/vivado_projet_zynq/projet8TD.old1/projet8TD.sdk/getting_started_with_ZYBO/Debug/getting_started_with_ZYBO.elf' is downloaded to processor 'ps7_cortexa9_0'.
21:41:55 INFO  : 'configparams force-mem-access 0' command is executed.
21:41:55 INFO  : ----------------XSDB Script----------------
connect -url tcp:127.0.0.1:3121
source C:/Users/Baptiste/Documents/ENSEA/3D/S10_007_Soc/002_TD/vivado_projet_zynq/projet8TD.old1/projet8TD.sdk/zynq_1_wrapper_hw_platform_0/ps7_init.tcl
targets -set -nocase -filter {name =~"APU*" && jtag_cable_name =~ "Digilent Zybo Z7 210351B0FED1A"} -index 0
loadhw -hw C:/Users/Baptiste/Documents/ENSEA/3D/S10_007_Soc/002_TD/vivado_projet_zynq/projet8TD.old1/projet8TD.sdk/zynq_1_wrapper_hw_platform_0/system.hdf -mem-ranges [list {0x40000000 0xbfffffff}]
configparams force-mem-access 1
targets -set -nocase -filter {name =~"APU*" && jtag_cable_name =~ "Digilent Zybo Z7 210351B0FED1A"} -index 0
stop
ps7_init
ps7_post_config
targets -set -nocase -filter {name =~ "ARM*#0" && jtag_cable_name =~ "Digilent Zybo Z7 210351B0FED1A"} -index 0
rst -processor
targets -set -nocase -filter {name =~ "ARM*#0" && jtag_cable_name =~ "Digilent Zybo Z7 210351B0FED1A"} -index 0
dow C:/Users/Baptiste/Documents/ENSEA/3D/S10_007_Soc/002_TD/vivado_projet_zynq/projet8TD.old1/projet8TD.sdk/getting_started_with_ZYBO/Debug/getting_started_with_ZYBO.elf
configparams force-mem-access 0
----------------End of Script----------------

21:41:55 INFO  : Memory regions updated for context APU
21:41:56 INFO  : Context for processor 'ps7_cortexa9_0' is selected.
21:41:56 INFO  : 'con' command is executed.
21:41:56 INFO  : ----------------XSDB Script (After Launch)----------------
targets -set -nocase -filter {name =~ "ARM*#0" && jtag_cable_name =~ "Digilent Zybo Z7 210351B0FED1A"} -index 0
con
----------------End of Script----------------

21:41:56 INFO  : Launch script is exported to file 'C:\Users\Baptiste\Documents\ENSEA\3D\S10_007_Soc\002_TD\vivado_projet_zynq\projet8TD.old1\projet8TD.sdk\.sdk\launch_scripts\xilinx_c-c++_application_(system_debugger)\system_debugger_using_debug_getting_started_with_zybo.elf_on_local.tcl'
21:42:06 INFO  : Disconnected from the channel tcfchan#1.
